{"/home/__wassim1__/Desktop/e-market-api-front/src/App.jsx": {"path":"/home/__wassim1__/Desktop/e-market-api-front/src/App.jsx","statementMap":{"0":{"start":{"line":27,"column":20},"end":{"line":27,"column":37}},"1":{"start":{"line":29,"column":12},"end":{"line":66,"column":1}},"2":{"start":{"line":30,"column":2},"end":{"line":65,"column":5}}},"fnMap":{"0":{"name":"(anonymous_0)","decl":{"start":{"line":29,"column":12},"end":{"line":29,"column":13}},"loc":{"start":{"line":30,"column":2},"end":{"line":65,"column":5}},"line":30}},"branchMap":{},"s":{"0":0,"1":0,"2":0},"f":{"0":0},"b":{}}
,"/home/__wassim1__/Desktop/e-market-api-front/src/app/store.js": {"path":"/home/__wassim1__/Desktop/e-market-api-front/src/app/store.js","statementMap":{"0":{"start":{"line":9,"column":14},"end":{"line":18,"column":2}}},"fnMap":{},"branchMap":{},"s":{"0":0},"f":{},"b":{}}
,"/home/__wassim1__/Desktop/e-market-api-front/src/components/Footer.jsx": {"path":"/home/__wassim1__/Desktop/e-market-api-front/src/components/Footer.jsx","statementMap":{"0":{"start":{"line":1,"column":15},"end":{"line":211,"column":1}},"1":{"start":{"line":2,"column":2},"end":{"line":210,"column":11}}},"fnMap":{"0":{"name":"(anonymous_0)","decl":{"start":{"line":1,"column":15},"end":{"line":1,"column":16}},"loc":{"start":{"line":2,"column":2},"end":{"line":210,"column":11}},"line":2}},"branchMap":{},"s":{"0":0,"1":0},"f":{"0":0},"b":{}}
,"/home/__wassim1__/Desktop/e-market-api-front/src/components/Header.jsx": {"path":"/home/__wassim1__/Desktop/e-market-api-front/src/components/Header.jsx","statementMap":{"0":{"start":{"line":8,"column":15},"end":{"line":343,"column":1}},"1":{"start":{"line":9,"column":19},"end":{"line":9,"column":32}},"2":{"start":{"line":10,"column":19},"end":{"line":10,"column":53}},"3":{"start":{"line":10,"column":42},"end":{"line":10,"column":52}},"4":{"start":{"line":11,"column":20},"end":{"line":11,"column":51}},"5":{"start":{"line":12,"column":38},"end":{"line":12,"column":53}},"6":{"start":{"line":13,"column":50},"end":{"line":13,"column":65}},"7":{"start":{"line":14,"column":19},"end":{"line":14,"column":32}},"8":{"start":{"line":15,"column":44},"end":{"line":15,"column":53}},"9":{"start":{"line":17,"column":2},"end":{"line":21,"column":48}},"10":{"start":{"line":18,"column":4},"end":{"line":20,"column":5}},"11":{"start":{"line":19,"column":6},"end":{"line":19,"column":26}},"12":{"start":{"line":23,"column":2},"end":{"line":29,"column":9}},"13":{"start":{"line":24,"column":25},"end":{"line":26,"column":5}},"14":{"start":{"line":25,"column":6},"end":{"line":25,"column":41}},"15":{"start":{"line":27,"column":4},"end":{"line":27,"column":52}},"16":{"start":{"line":28,"column":4},"end":{"line":28,"column":68}},"17":{"start":{"line":28,"column":17},"end":{"line":28,"column":67}},"18":{"start":{"line":31,"column":19},"end":{"line":36,"column":3}},"19":{"start":{"line":38,"column":21},"end":{"line":38,"column":46}},"20":{"start":{"line":40,"column":2},"end":{"line":342,"column":4}},"21":{"start":{"line":72,"column":14},"end":{"line":82,"column":21}},"22":{"start":{"line":112,"column":28},"end":{"line":179,"column":34}},"23":{"start":{"line":134,"column":38},"end":{"line":134,"column":57}},"24":{"start":{"line":135,"column":38},"end":{"line":140,"column":72}},"25":{"start":{"line":140,"column":51},"end":{"line":140,"column":70}},"26":{"start":{"line":153,"column":38},"end":{"line":153,"column":57}},"27":{"start":{"line":154,"column":38},"end":{"line":159,"column":72}},"28":{"start":{"line":159,"column":51},"end":{"line":159,"column":70}},"29":{"start":{"line":170,"column":34},"end":{"line":170,"column":53}},"30":{"start":{"line":171,"column":34},"end":{"line":173,"column":36}},"31":{"start":{"line":172,"column":42},"end":{"line":172,"column":61}},"32":{"start":{"line":188,"column":55},"end":{"line":188,"column":87}},"33":{"start":{"line":320,"column":16},"end":{"line":335,"column":23}},"34":{"start":{"line":323,"column":33},"end":{"line":323,"column":59}}},"fnMap":{"0":{"name":"(anonymous_0)","decl":{"start":{"line":8,"column":15},"end":{"line":8,"column":16}},"loc":{"start":{"line":8,"column":21},"end":{"line":343,"column":1}},"line":8},"1":{"name":"(anonymous_1)","decl":{"start":{"line":10,"column":31},"end":{"line":10,"column":32}},"loc":{"start":{"line":10,"column":42},"end":{"line":10,"column":52}},"line":10},"2":{"name":"(anonymous_2)","decl":{"start":{"line":17,"column":12},"end":{"line":17,"column":13}},"loc":{"start":{"line":17,"column":18},"end":{"line":21,"column":3}},"line":17},"3":{"name":"(anonymous_3)","decl":{"start":{"line":23,"column":12},"end":{"line":23,"column":13}},"loc":{"start":{"line":23,"column":18},"end":{"line":29,"column":3}},"line":23},"4":{"name":"(anonymous_4)","decl":{"start":{"line":24,"column":25},"end":{"line":24,"column":26}},"loc":{"start":{"line":24,"column":31},"end":{"line":26,"column":5}},"line":24},"5":{"name":"(anonymous_5)","decl":{"start":{"line":28,"column":11},"end":{"line":28,"column":12}},"loc":{"start":{"line":28,"column":17},"end":{"line":28,"column":67}},"line":28},"6":{"name":"(anonymous_6)","decl":{"start":{"line":71,"column":26},"end":{"line":71,"column":27}},"loc":{"start":{"line":72,"column":14},"end":{"line":82,"column":21}},"line":72},"7":{"name":"(anonymous_7)","decl":{"start":{"line":111,"column":41},"end":{"line":111,"column":42}},"loc":{"start":{"line":112,"column":28},"end":{"line":179,"column":34}},"line":112},"8":{"name":"(anonymous_8)","decl":{"start":{"line":133,"column":45},"end":{"line":133,"column":46}},"loc":{"start":{"line":133,"column":52},"end":{"line":141,"column":37}},"line":133},"9":{"name":"(anonymous_9)","decl":{"start":{"line":140,"column":45},"end":{"line":140,"column":46}},"loc":{"start":{"line":140,"column":51},"end":{"line":140,"column":70}},"line":140},"10":{"name":"(anonymous_10)","decl":{"start":{"line":152,"column":45},"end":{"line":152,"column":46}},"loc":{"start":{"line":152,"column":52},"end":{"line":160,"column":37}},"line":152},"11":{"name":"(anonymous_11)","decl":{"start":{"line":159,"column":45},"end":{"line":159,"column":46}},"loc":{"start":{"line":159,"column":51},"end":{"line":159,"column":70}},"line":159},"12":{"name":"(anonymous_12)","decl":{"start":{"line":169,"column":41},"end":{"line":169,"column":42}},"loc":{"start":{"line":169,"column":48},"end":{"line":174,"column":33}},"line":169},"13":{"name":"(anonymous_13)","decl":{"start":{"line":172,"column":36},"end":{"line":172,"column":37}},"loc":{"start":{"line":172,"column":42},"end":{"line":172,"column":61}},"line":172},"14":{"name":"(anonymous_14)","decl":{"start":{"line":188,"column":40},"end":{"line":188,"column":41}},"loc":{"start":{"line":188,"column":55},"end":{"line":188,"column":87}},"line":188},"15":{"name":"(anonymous_15)","decl":{"start":{"line":319,"column":28},"end":{"line":319,"column":29}},"loc":{"start":{"line":320,"column":16},"end":{"line":335,"column":23}},"line":320},"16":{"name":"(anonymous_16)","decl":{"start":{"line":323,"column":27},"end":{"line":323,"column":28}},"loc":{"start":{"line":323,"column":33},"end":{"line":323,"column":59}},"line":323}},"branchMap":{"0":{"loc":{"start":{"line":11,"column":20},"end":{"line":11,"column":51}},"type":"cond-expr","locations":[{"start":{"line":11,"column":42},"end":{"line":11,"column":46}},{"start":{"line":11,"column":49},"end":{"line":11,"column":51}}],"line":11},"1":{"loc":{"start":{"line":18,"column":4},"end":{"line":20,"column":5}},"type":"if","locations":[{"start":{"line":18,"column":4},"end":{"line":20,"column":5}},{"start":{},"end":{}}],"line":18},"2":{"loc":{"start":{"line":43,"column":8},"end":{"line":43,"column":42}},"type":"cond-expr","locations":[{"start":{"line":43,"column":21},"end":{"line":43,"column":31}},{"start":{"line":43,"column":34},"end":{"line":43,"column":42}}],"line":43},"3":{"loc":{"start":{"line":45,"column":8},"end":{"line":47,"column":14}},"type":"cond-expr","locations":[{"start":{"line":46,"column":12},"end":{"line":46,"column":101}},{"start":{"line":47,"column":12},"end":{"line":47,"column":14}}],"line":45},"4":{"loc":{"start":{"line":45,"column":8},"end":{"line":45,"column":33}},"type":"binary-expr","locations":[{"start":{"line":45,"column":8},"end":{"line":45,"column":18}},{"start":{"line":45,"column":22},"end":{"line":45,"column":33}}],"line":45},"5":{"loc":{"start":{"line":55,"column":60},"end":{"line":55,"column":90}},"type":"cond-expr","locations":[{"start":{"line":55,"column":73},"end":{"line":55,"column":85}},{"start":{"line":55,"column":88},"end":{"line":55,"column":90}}],"line":55},"6":{"loc":{"start":{"line":59,"column":16},"end":{"line":61,"column":61}},"type":"cond-expr","locations":[{"start":{"line":60,"column":20},"end":{"line":60,"column":57}},{"start":{"line":61,"column":20},"end":{"line":61,"column":61}}],"line":59},"7":{"loc":{"start":{"line":76,"column":18},"end":{"line":78,"column":75}},"type":"cond-expr","locations":[{"start":{"line":77,"column":22},"end":{"line":77,"column":50}},{"start":{"line":78,"column":22},"end":{"line":78,"column":75}}],"line":76},"8":{"loc":{"start":{"line":86,"column":11},"end":{"line":308,"column":11}},"type":"cond-expr","locations":[{"start":{"line":87,"column":12},"end":{"line":258,"column":18}},{"start":{"line":260,"column":12},"end":{"line":307,"column":18}}],"line":86},"9":{"loc":{"start":{"line":91,"column":19},"end":{"line":91,"column":97}},"type":"binary-expr","locations":[{"start":{"line":91,"column":19},"end":{"line":91,"column":36}},{"start":{"line":91,"column":40},"end":{"line":91,"column":97}}],"line":91},"10":{"loc":{"start":{"line":100,"column":21},"end":{"line":201,"column":21}},"type":"cond-expr","locations":[{"start":{"line":101,"column":22},"end":{"line":107,"column":28}},{"start":{"line":109,"column":22},"end":{"line":200,"column":25}}],"line":100},"11":{"loc":{"start":{"line":113,"column":35},"end":{"line":113,"column":63}},"type":"binary-expr","locations":[{"start":{"line":113,"column":35},"end":{"line":113,"column":54}},{"start":{"line":113,"column":58},"end":{"line":113,"column":63}}],"line":113},"12":{"loc":{"start":{"line":118,"column":34},"end":{"line":120,"column":137}},"type":"cond-expr","locations":[{"start":{"line":119,"column":38},"end":{"line":119,"column":62}},{"start":{"line":120,"column":38},"end":{"line":120,"column":137}}],"line":118},"13":{"loc":{"start":{"line":120,"column":91},"end":{"line":120,"column":135}},"type":"binary-expr","locations":[{"start":{"line":120,"column":91},"end":{"line":120,"column":118}},{"start":{"line":120,"column":122},"end":{"line":120,"column":135}}],"line":120},"14":{"loc":{"start":{"line":122,"column":37},"end":{"line":122,"column":71}},"type":"binary-expr","locations":[{"start":{"line":122,"column":37},"end":{"line":122,"column":58}},{"start":{"line":122,"column":62},"end":{"line":122,"column":71}}],"line":122},"15":{"loc":{"start":{"line":127,"column":35},"end":{"line":127,"column":77}},"type":"binary-expr","locations":[{"start":{"line":127,"column":35},"end":{"line":127,"column":56}},{"start":{"line":127,"column":60},"end":{"line":127,"column":77}}],"line":127},"16":{"loc":{"start":{"line":220,"column":21},"end":{"line":228,"column":21}},"type":"binary-expr","locations":[{"start":{"line":220,"column":21},"end":{"line":220,"column":44}},{"start":{"line":221,"column":22},"end":{"line":227,"column":29}}],"line":220},"17":{"loc":{"start":{"line":229,"column":21},"end":{"line":237,"column":21}},"type":"binary-expr","locations":[{"start":{"line":229,"column":21},"end":{"line":229,"column":43}},{"start":{"line":230,"column":22},"end":{"line":236,"column":29}}],"line":229},"18":{"loc":{"start":{"line":238,"column":21},"end":{"line":246,"column":21}},"type":"binary-expr","locations":[{"start":{"line":238,"column":21},"end":{"line":238,"column":42}},{"start":{"line":239,"column":22},"end":{"line":245,"column":29}}],"line":238},"19":{"loc":{"start":{"line":312,"column":9},"end":{"line":339,"column":9}},"type":"binary-expr","locations":[{"start":{"line":312,"column":9},"end":{"line":312,"column":25}},{"start":{"line":313,"column":10},"end":{"line":338,"column":16}}],"line":312},"20":{"loc":{"start":{"line":315,"column":14},"end":{"line":315,"column":73}},"type":"cond-expr","locations":[{"start":{"line":315,"column":27},"end":{"line":315,"column":57}},{"start":{"line":315,"column":60},"end":{"line":315,"column":73}}],"line":315},"21":{"loc":{"start":{"line":325,"column":20},"end":{"line":331,"column":86}},"type":"cond-expr","locations":[{"start":{"line":326,"column":24},"end":{"line":328,"column":54}},{"start":{"line":329,"column":24},"end":{"line":331,"column":86}}],"line":325},"22":{"loc":{"start":{"line":326,"column":24},"end":{"line":328,"column":54}},"type":"cond-expr","locations":[{"start":{"line":327,"column":26},"end":{"line":327,"column":50}},{"start":{"line":328,"column":26},"end":{"line":328,"column":54}}],"line":326},"23":{"loc":{"start":{"line":329,"column":24},"end":{"line":331,"column":86}},"type":"cond-expr","locations":[{"start":{"line":330,"column":26},"end":{"line":330,"column":75}},{"start":{"line":331,"column":26},"end":{"line":331,"column":86}}],"line":329}},"s":{"0":0,"1":0,"2":0,"3":0,"4":0,"5":0,"6":0,"7":0,"8":0,"9":0,"10":0,"11":0,"12":0,"13":0,"14":0,"15":0,"16":0,"17":0,"18":0,"19":0,"20":0,"21":0,"22":0,"23":0,"24":0,"25":0,"26":0,"27":0,"28":0,"29":0,"30":0,"31":0,"32":0,"33":0,"34":0},"f":{"0":0,"1":0,"2":0,"3":0,"4":0,"5":0,"6":0,"7":0,"8":0,"9":0,"10":0,"11":0,"12":0,"13":0,"14":0,"15":0,"16":0},"b":{"0":[0,0],"1":[0,0],"2":[0,0],"3":[0,0],"4":[0,0],"5":[0,0],"6":[0,0],"7":[0,0],"8":[0,0],"9":[0,0],"10":[0,0],"11":[0,0],"12":[0,0],"13":[0,0],"14":[0,0],"15":[0,0],"16":[0,0],"17":[0,0],"18":[0,0],"19":[0,0],"20":[0,0],"21":[0,0],"22":[0,0],"23":[0,0]}}
,"/home/__wassim1__/Desktop/e-market-api-front/src/components/OrderDetailsModal.jsx": {"path":"/home/__wassim1__/Desktop/e-market-api-front/src/components/OrderDetailsModal.jsx","statementMap":{"0":{"start":{"line":3,"column":26},"end":{"line":115,"column":1}},"1":{"start":{"line":4,"column":2},"end":{"line":9,"column":9}},"2":{"start":{"line":5,"column":4},"end":{"line":5,"column":44}},"3":{"start":{"line":6,"column":4},"end":{"line":8,"column":6}},"4":{"start":{"line":7,"column":6},"end":{"line":7,"column":45}},"5":{"start":{"line":11,"column":2},"end":{"line":11,"column":26}},"6":{"start":{"line":11,"column":14},"end":{"line":11,"column":26}},"7":{"start":{"line":13,"column":25},"end":{"line":28,"column":3}},"8":{"start":{"line":14,"column":4},"end":{"line":27,"column":5}},"9":{"start":{"line":16,"column":8},"end":{"line":16,"column":47}},"10":{"start":{"line":18,"column":8},"end":{"line":18,"column":43}},"11":{"start":{"line":20,"column":8},"end":{"line":20,"column":47}},"12":{"start":{"line":22,"column":8},"end":{"line":22,"column":45}},"13":{"start":{"line":24,"column":8},"end":{"line":24,"column":41}},"14":{"start":{"line":26,"column":8},"end":{"line":26,"column":43}},"15":{"start":{"line":30,"column":2},"end":{"line":114,"column":4}},"16":{"start":{"line":37,"column":24},"end":{"line":37,"column":43}},"17":{"start":{"line":71,"column":14},"end":{"line":94,"column":20}}},"fnMap":{"0":{"name":"(anonymous_0)","decl":{"start":{"line":3,"column":26},"end":{"line":3,"column":27}},"loc":{"start":{"line":3,"column":60},"end":{"line":115,"column":1}},"line":3},"1":{"name":"(anonymous_1)","decl":{"start":{"line":4,"column":12},"end":{"line":4,"column":13}},"loc":{"start":{"line":4,"column":18},"end":{"line":9,"column":3}},"line":4},"2":{"name":"(anonymous_2)","decl":{"start":{"line":6,"column":11},"end":{"line":6,"column":12}},"loc":{"start":{"line":6,"column":17},"end":{"line":8,"column":5}},"line":6},"3":{"name":"(anonymous_3)","decl":{"start":{"line":13,"column":25},"end":{"line":13,"column":26}},"loc":{"start":{"line":13,"column":37},"end":{"line":28,"column":3}},"line":13},"4":{"name":"(anonymous_4)","decl":{"start":{"line":37,"column":17},"end":{"line":37,"column":18}},"loc":{"start":{"line":37,"column":24},"end":{"line":37,"column":43}},"line":37},"5":{"name":"(anonymous_5)","decl":{"start":{"line":70,"column":29},"end":{"line":70,"column":30}},"loc":{"start":{"line":71,"column":14},"end":{"line":94,"column":20}},"line":71}},"branchMap":{"0":{"loc":{"start":{"line":11,"column":2},"end":{"line":11,"column":26}},"type":"if","locations":[{"start":{"line":11,"column":2},"end":{"line":11,"column":26}},{"start":{},"end":{}}],"line":11},"1":{"loc":{"start":{"line":14,"column":4},"end":{"line":27,"column":5}},"type":"switch","locations":[{"start":{"line":15,"column":6},"end":{"line":16,"column":47}},{"start":{"line":17,"column":6},"end":{"line":18,"column":43}},{"start":{"line":19,"column":6},"end":{"line":20,"column":47}},{"start":{"line":21,"column":6},"end":{"line":22,"column":45}},{"start":{"line":23,"column":6},"end":{"line":24,"column":41}},{"start":{"line":25,"column":6},"end":{"line":26,"column":43}}],"line":14},"2":{"loc":{"start":{"line":77,"column":20},"end":{"line":79,"column":106}},"type":"cond-expr","locations":[{"start":{"line":78,"column":24},"end":{"line":78,"column":48}},{"start":{"line":79,"column":24},"end":{"line":79,"column":106}}],"line":77}},"s":{"0":0,"1":0,"2":0,"3":0,"4":0,"5":0,"6":0,"7":0,"8":0,"9":0,"10":0,"11":0,"12":0,"13":0,"14":0,"15":0,"16":0,"17":0},"f":{"0":0,"1":0,"2":0,"3":0,"4":0,"5":0},"b":{"0":[0,0],"1":[0,0,0,0,0,0],"2":[0,0]}}
,"/home/__wassim1__/Desktop/e-market-api-front/src/components/Pagination.jsx": {"path":"/home/__wassim1__/Desktop/e-market-api-front/src/components/Pagination.jsx","statementMap":{"0":{"start":{"line":3,"column":19},"end":{"line":59,"column":1}},"1":{"start":{"line":4,"column":18},"end":{"line":4,"column":37}},"2":{"start":{"line":5,"column":16},"end":{"line":5,"column":34}},"3":{"start":{"line":7,"column":26},"end":{"line":11,"column":3}},"4":{"start":{"line":8,"column":4},"end":{"line":10,"column":5}},"5":{"start":{"line":9,"column":6},"end":{"line":9,"column":25}},"6":{"start":{"line":13,"column":28},"end":{"line":36,"column":3}},"7":{"start":{"line":14,"column":18},"end":{"line":14,"column":20}},"8":{"start":{"line":15,"column":28},"end":{"line":15,"column":29}},"9":{"start":{"line":16,"column":20},"end":{"line":16,"column":74}},"10":{"start":{"line":17,"column":20},"end":{"line":17,"column":68}},"11":{"start":{"line":19,"column":4},"end":{"line":21,"column":5}},"12":{"start":{"line":20,"column":6},"end":{"line":20,"column":61}},"13":{"start":{"line":23,"column":4},"end":{"line":33,"column":5}},"14":{"start":{"line":23,"column":17},"end":{"line":23,"column":26}},"15":{"start":{"line":24,"column":6},"end":{"line":32,"column":8}},"16":{"start":{"line":27,"column":25},"end":{"line":27,"column":43}},"17":{"start":{"line":35,"column":4},"end":{"line":35,"column":17}},"18":{"start":{"line":38,"column":2},"end":{"line":58,"column":4}},"19":{"start":{"line":41,"column":23},"end":{"line":41,"column":51}},"20":{"start":{"line":51,"column":23},"end":{"line":51,"column":51}}},"fnMap":{"0":{"name":"(anonymous_0)","decl":{"start":{"line":3,"column":19},"end":{"line":3,"column":20}},"loc":{"start":{"line":3,"column":84},"end":{"line":59,"column":1}},"line":3},"1":{"name":"(anonymous_1)","decl":{"start":{"line":7,"column":26},"end":{"line":7,"column":27}},"loc":{"start":{"line":7,"column":36},"end":{"line":11,"column":3}},"line":7},"2":{"name":"(anonymous_2)","decl":{"start":{"line":13,"column":28},"end":{"line":13,"column":29}},"loc":{"start":{"line":13,"column":34},"end":{"line":36,"column":3}},"line":13},"3":{"name":"(anonymous_3)","decl":{"start":{"line":27,"column":19},"end":{"line":27,"column":20}},"loc":{"start":{"line":27,"column":25},"end":{"line":27,"column":43}},"line":27},"4":{"name":"(anonymous_4)","decl":{"start":{"line":41,"column":17},"end":{"line":41,"column":18}},"loc":{"start":{"line":41,"column":23},"end":{"line":41,"column":51}},"line":41},"5":{"name":"(anonymous_5)","decl":{"start":{"line":51,"column":17},"end":{"line":51,"column":18}},"loc":{"start":{"line":51,"column":23},"end":{"line":51,"column":51}},"line":51}},"branchMap":{"0":{"loc":{"start":{"line":8,"column":4},"end":{"line":10,"column":5}},"type":"if","locations":[{"start":{"line":8,"column":4},"end":{"line":10,"column":5}},{"start":{},"end":{}}],"line":8},"1":{"loc":{"start":{"line":8,"column":8},"end":{"line":8,"column":54}},"type":"binary-expr","locations":[{"start":{"line":8,"column":8},"end":{"line":8,"column":24}},{"start":{"line":8,"column":28},"end":{"line":8,"column":37}},{"start":{"line":8,"column":41},"end":{"line":8,"column":54}}],"line":8},"2":{"loc":{"start":{"line":19,"column":4},"end":{"line":21,"column":5}},"type":"if","locations":[{"start":{"line":19,"column":4},"end":{"line":21,"column":5}},{"start":{},"end":{}}],"line":19},"3":{"loc":{"start":{"line":28,"column":39},"end":{"line":28,"column":68}},"type":"cond-expr","locations":[{"start":{"line":28,"column":55},"end":{"line":28,"column":63}},{"start":{"line":28,"column":66},"end":{"line":28,"column":68}}],"line":28}},"s":{"0":0,"1":0,"2":0,"3":0,"4":0,"5":0,"6":0,"7":0,"8":0,"9":0,"10":0,"11":0,"12":0,"13":0,"14":0,"15":0,"16":0,"17":0,"18":0,"19":0,"20":0},"f":{"0":0,"1":0,"2":0,"3":0,"4":0,"5":0},"b":{"0":[0,0],"1":[0,0,0],"2":[0,0],"3":[0,0]}}
,"/home/__wassim1__/Desktop/e-market-api-front/src/components/PaymentModal.jsx": {"path":"/home/__wassim1__/Desktop/e-market-api-front/src/components/PaymentModal.jsx","statementMap":{"0":{"start":{"line":5,"column":21},"end":{"line":163,"column":1}},"1":{"start":{"line":6,"column":22},"end":{"line":6,"column":38}},"2":{"start":{"line":7,"column":40},"end":{"line":7,"column":59}},"3":{"start":{"line":8,"column":42},"end":{"line":8,"column":54}},"4":{"start":{"line":10,"column":30},"end":{"line":25,"column":4}},"5":{"start":{"line":12,"column":22},"end":{"line":12,"column":54}},"6":{"start":{"line":13,"column":18},"end":{"line":13,"column":73}},"7":{"start":{"line":14,"column":6},"end":{"line":14,"column":22}},"8":{"start":{"line":17,"column":6},"end":{"line":17,"column":46}},"9":{"start":{"line":18,"column":6},"end":{"line":18,"column":43}},"10":{"start":{"line":21,"column":22},"end":{"line":21,"column":71}},"11":{"start":{"line":22,"column":6},"end":{"line":22,"column":31}},"12":{"start":{"line":23,"column":6},"end":{"line":23,"column":30}},"13":{"start":{"line":27,"column":24},"end":{"line":41,"column":3}},"14":{"start":{"line":28,"column":4},"end":{"line":28,"column":33}},"15":{"start":{"line":30,"column":4},"end":{"line":40,"column":5}},"16":{"start":{"line":31,"column":6},"end":{"line":31,"column":68}},"17":{"start":{"line":34,"column":6},"end":{"line":36,"column":15}},"18":{"start":{"line":35,"column":8},"end":{"line":35,"column":34}},"19":{"start":{"line":39,"column":6},"end":{"line":39,"column":46}},"20":{"start":{"line":43,"column":22},"end":{"line":47,"column":15}},"21":{"start":{"line":44,"column":4},"end":{"line":44,"column":30}},"22":{"start":{"line":45,"column":4},"end":{"line":45,"column":24}},"23":{"start":{"line":46,"column":4},"end":{"line":46,"column":14}},"24":{"start":{"line":49,"column":2},"end":{"line":56,"column":44}},"25":{"start":{"line":50,"column":4},"end":{"line":55,"column":5}},"26":{"start":{"line":51,"column":6},"end":{"line":54,"column":15}},"27":{"start":{"line":52,"column":8},"end":{"line":52,"column":35}},"28":{"start":{"line":52,"column":23},"end":{"line":52,"column":35}},"29":{"start":{"line":53,"column":8},"end":{"line":53,"column":22}},"30":{"start":{"line":58,"column":2},"end":{"line":58,"column":27}},"31":{"start":{"line":58,"column":15},"end":{"line":58,"column":27}},"32":{"start":{"line":60,"column":2},"end":{"line":162,"column":4}},"33":{"start":{"line":152,"column":31},"end":{"line":152,"column":56}}},"fnMap":{"0":{"name":"(anonymous_0)","decl":{"start":{"line":5,"column":21},"end":{"line":5,"column":22}},"loc":{"start":{"line":5,"column":84},"end":{"line":163,"column":1}},"line":5},"1":{"name":"(anonymous_1)","decl":{"start":{"line":11,"column":16},"end":{"line":11,"column":17}},"loc":{"start":{"line":11,"column":50},"end":{"line":15,"column":5}},"line":11},"2":{"name":"(anonymous_2)","decl":{"start":{"line":16,"column":15},"end":{"line":16,"column":16}},"loc":{"start":{"line":16,"column":21},"end":{"line":19,"column":5}},"line":16},"3":{"name":"(anonymous_3)","decl":{"start":{"line":20,"column":13},"end":{"line":20,"column":14}},"loc":{"start":{"line":20,"column":24},"end":{"line":24,"column":5}},"line":20},"4":{"name":"(anonymous_4)","decl":{"start":{"line":27,"column":24},"end":{"line":27,"column":25}},"loc":{"start":{"line":27,"column":36},"end":{"line":41,"column":3}},"line":27},"5":{"name":"(anonymous_5)","decl":{"start":{"line":34,"column":17},"end":{"line":34,"column":18}},"loc":{"start":{"line":34,"column":23},"end":{"line":36,"column":7}},"line":34},"6":{"name":"(anonymous_6)","decl":{"start":{"line":43,"column":34},"end":{"line":43,"column":35}},"loc":{"start":{"line":43,"column":40},"end":{"line":47,"column":3}},"line":43},"7":{"name":"(anonymous_7)","decl":{"start":{"line":49,"column":12},"end":{"line":49,"column":13}},"loc":{"start":{"line":49,"column":18},"end":{"line":56,"column":3}},"line":49},"8":{"name":"(anonymous_8)","decl":{"start":{"line":51,"column":17},"end":{"line":51,"column":18}},"loc":{"start":{"line":51,"column":23},"end":{"line":54,"column":7}},"line":51},"9":{"name":"(anonymous_9)","decl":{"start":{"line":152,"column":25},"end":{"line":152,"column":26}},"loc":{"start":{"line":152,"column":31},"end":{"line":152,"column":56}},"line":152}},"branchMap":{"0":{"loc":{"start":{"line":12,"column":22},"end":{"line":12,"column":54}},"type":"cond-expr","locations":[{"start":{"line":12,"column":35},"end":{"line":12,"column":49}},{"start":{"line":12,"column":52},"end":{"line":12,"column":54}}],"line":12},"1":{"loc":{"start":{"line":21,"column":22},"end":{"line":21,"column":71}},"type":"binary-expr","locations":[{"start":{"line":21,"column":22},"end":{"line":21,"column":51}},{"start":{"line":21,"column":55},"end":{"line":21,"column":71}}],"line":21},"2":{"loc":{"start":{"line":50,"column":4},"end":{"line":55,"column":5}},"type":"if","locations":[{"start":{"line":50,"column":4},"end":{"line":55,"column":5}},{"start":{},"end":{}}],"line":50},"3":{"loc":{"start":{"line":52,"column":8},"end":{"line":52,"column":35}},"type":"if","locations":[{"start":{"line":52,"column":8},"end":{"line":52,"column":35}},{"start":{},"end":{}}],"line":52},"4":{"loc":{"start":{"line":58,"column":2},"end":{"line":58,"column":27}},"type":"if","locations":[{"start":{"line":58,"column":2},"end":{"line":58,"column":27}},{"start":{},"end":{}}],"line":58},"5":{"loc":{"start":{"line":63,"column":9},"end":{"line":92,"column":9}},"type":"binary-expr","locations":[{"start":{"line":63,"column":9},"end":{"line":63,"column":34}},{"start":{"line":64,"column":10},"end":{"line":91,"column":13}}],"line":63},"6":{"loc":{"start":{"line":94,"column":9},"end":{"line":100,"column":9}},"type":"binary-expr","locations":[{"start":{"line":94,"column":9},"end":{"line":94,"column":37}},{"start":{"line":95,"column":10},"end":{"line":99,"column":16}}],"line":94},"7":{"loc":{"start":{"line":102,"column":9},"end":{"line":122,"column":9}},"type":"binary-expr","locations":[{"start":{"line":102,"column":9},"end":{"line":102,"column":34}},{"start":{"line":103,"column":10},"end":{"line":121,"column":16}}],"line":102},"8":{"loc":{"start":{"line":124,"column":9},"end":{"line":159,"column":9}},"type":"binary-expr","locations":[{"start":{"line":124,"column":9},"end":{"line":124,"column":32}},{"start":{"line":125,"column":10},"end":{"line":158,"column":13}}],"line":124}},"s":{"0":0,"1":0,"2":0,"3":0,"4":0,"5":0,"6":0,"7":0,"8":0,"9":0,"10":0,"11":0,"12":0,"13":0,"14":0,"15":0,"16":0,"17":0,"18":0,"19":0,"20":0,"21":0,"22":0,"23":0,"24":0,"25":0,"26":0,"27":0,"28":0,"29":0,"30":0,"31":0,"32":0,"33":0},"f":{"0":0,"1":0,"2":0,"3":0,"4":0,"5":0,"6":0,"7":0,"8":0,"9":0},"b":{"0":[0,0],"1":[0,0],"2":[0,0],"3":[0,0],"4":[0,0],"5":[0,0],"6":[0,0],"7":[0,0],"8":[0,0]}}
,"/home/__wassim1__/Desktop/e-market-api-front/src/components/ProtectedRoute.jsx": {"path":"/home/__wassim1__/Desktop/e-market-api-front/src/components/ProtectedRoute.jsx","statementMap":{"0":{"start":{"line":4,"column":23},"end":{"line":18,"column":1}},"1":{"start":{"line":5,"column":28},"end":{"line":5,"column":37}},"2":{"start":{"line":7,"column":2},"end":{"line":7,"column":43}},"3":{"start":{"line":7,"column":15},"end":{"line":7,"column":43}},"4":{"start":{"line":10,"column":2},"end":{"line":10,"column":53}},"5":{"start":{"line":10,"column":13},"end":{"line":10,"column":53}},"6":{"start":{"line":13,"column":2},"end":{"line":15,"column":3}},"7":{"start":{"line":14,"column":4},"end":{"line":14,"column":42}},"8":{"start":{"line":17,"column":2},"end":{"line":17,"column":20}}},"fnMap":{"0":{"name":"(anonymous_0)","decl":{"start":{"line":4,"column":23},"end":{"line":4,"column":24}},"loc":{"start":{"line":4,"column":43},"end":{"line":18,"column":1}},"line":4}},"branchMap":{"0":{"loc":{"start":{"line":4,"column":26},"end":{"line":4,"column":36}},"type":"default-arg","locations":[{"start":{"line":4,"column":34},"end":{"line":4,"column":36}}],"line":4},"1":{"loc":{"start":{"line":7,"column":2},"end":{"line":7,"column":43}},"type":"if","locations":[{"start":{"line":7,"column":2},"end":{"line":7,"column":43}},{"start":{},"end":{}}],"line":7},"2":{"loc":{"start":{"line":10,"column":2},"end":{"line":10,"column":53}},"type":"if","locations":[{"start":{"line":10,"column":2},"end":{"line":10,"column":53}},{"start":{},"end":{}}],"line":10},"3":{"loc":{"start":{"line":13,"column":2},"end":{"line":15,"column":3}},"type":"if","locations":[{"start":{"line":13,"column":2},"end":{"line":15,"column":3}},{"start":{},"end":{}}],"line":13},"4":{"loc":{"start":{"line":13,"column":6},"end":{"line":13,"column":52}},"type":"binary-expr","locations":[{"start":{"line":13,"column":6},"end":{"line":13,"column":22}},{"start":{"line":13,"column":26},"end":{"line":13,"column":52}}],"line":13}},"s":{"0":0,"1":0,"2":0,"3":0,"4":0,"5":0,"6":0,"7":0,"8":0},"f":{"0":0},"b":{"0":[0],"1":[0,0],"2":[0,0],"3":[0,0],"4":[0,0]}}
,"/home/__wassim1__/Desktop/e-market-api-front/src/components/Products/AddProductModal.jsx": {"path":"/home/__wassim1__/Desktop/e-market-api-front/src/components/Products/AddProductModal.jsx","statementMap":{"0":{"start":{"line":5,"column":24},"end":{"line":391,"column":1}},"1":{"start":{"line":6,"column":22},"end":{"line":6,"column":38}},"2":{"start":{"line":8,"column":27},"end":{"line":15,"column":3}},"3":{"start":{"line":9,"column":16},"end":{"line":13,"column":6}},"4":{"start":{"line":14,"column":4},"end":{"line":14,"column":20}},"5":{"start":{"line":22,"column":6},"end":{"line":30,"column":4}},"6":{"start":{"line":26,"column":6},"end":{"line":26,"column":50}},"7":{"start":{"line":27,"column":6},"end":{"line":27,"column":16}},"8":{"start":{"line":28,"column":6},"end":{"line":28,"column":18}},"9":{"start":{"line":32,"column":34},"end":{"line":38,"column":4}},"10":{"start":{"line":39,"column":30},"end":{"line":39,"column":42}},"11":{"start":{"line":42,"column":34},"end":{"line":42,"column":46}},"12":{"start":{"line":43,"column":42},"end":{"line":43,"column":57}},"13":{"start":{"line":44,"column":22},"end":{"line":44,"column":34}},"14":{"start":{"line":46,"column":2},"end":{"line":54,"column":9}},"15":{"start":{"line":47,"column":27},"end":{"line":51,"column":5}},"16":{"start":{"line":48,"column":6},"end":{"line":50,"column":7}},"17":{"start":{"line":49,"column":8},"end":{"line":49,"column":31}},"18":{"start":{"line":52,"column":4},"end":{"line":52,"column":57}},"19":{"start":{"line":53,"column":4},"end":{"line":53,"column":73}},"20":{"start":{"line":53,"column":17},"end":{"line":53,"column":72}},"21":{"start":{"line":56,"column":20},"end":{"line":61,"column":3}},"22":{"start":{"line":57,"column":4},"end":{"line":57,"column":85}},"23":{"start":{"line":58,"column":4},"end":{"line":58,"column":18}},"24":{"start":{"line":59,"column":4},"end":{"line":59,"column":20}},"25":{"start":{"line":60,"column":4},"end":{"line":60,"column":27}},"26":{"start":{"line":63,"column":23},"end":{"line":66,"column":3}},"27":{"start":{"line":64,"column":28},"end":{"line":64,"column":36}},"28":{"start":{"line":65,"column":4},"end":{"line":65,"column":56}},"29":{"start":{"line":65,"column":27},"end":{"line":65,"column":53}},"30":{"start":{"line":68,"column":28},"end":{"line":71,"column":3}},"31":{"start":{"line":69,"column":18},"end":{"line":69,"column":44}},"32":{"start":{"line":70,"column":4},"end":{"line":70,"column":57}},"33":{"start":{"line":70,"column":30},"end":{"line":70,"column":55}},"34":{"start":{"line":73,"column":25},"end":{"line":81,"column":3}},"35":{"start":{"line":74,"column":4},"end":{"line":80,"column":7}},"36":{"start":{"line":75,"column":21},"end":{"line":75,"column":49}},"37":{"start":{"line":76,"column":6},"end":{"line":79,"column":8}},"38":{"start":{"line":78,"column":59},"end":{"line":78,"column":67}},"39":{"start":{"line":83,"column":23},"end":{"line":97,"column":3}},"40":{"start":{"line":84,"column":4},"end":{"line":84,"column":23}},"41":{"start":{"line":85,"column":27},"end":{"line":85,"column":41}},"42":{"start":{"line":86,"column":4},"end":{"line":86,"column":51}},"43":{"start":{"line":87,"column":4},"end":{"line":87,"column":63}},"44":{"start":{"line":88,"column":4},"end":{"line":88,"column":49}},"45":{"start":{"line":89,"column":4},"end":{"line":89,"column":51}},"46":{"start":{"line":90,"column":4},"end":{"line":92,"column":7}},"47":{"start":{"line":91,"column":6},"end":{"line":91,"column":56}},"48":{"start":{"line":93,"column":4},"end":{"line":95,"column":7}},"49":{"start":{"line":94,"column":6},"end":{"line":94,"column":45}},"50":{"start":{"line":96,"column":4},"end":{"line":96,"column":34}},"51":{"start":{"line":99,"column":2},"end":{"line":99,"column":27}},"52":{"start":{"line":99,"column":15},"end":{"line":99,"column":27}},"53":{"start":{"line":102,"column":23},"end":{"line":104,"column":3}},"54":{"start":{"line":103,"column":4},"end":{"line":103,"column":57}},"55":{"start":{"line":106,"column":2},"end":{"line":390,"column":4}},"56":{"start":{"line":213,"column":18},"end":{"line":213,"column":99}},"57":{"start":{"line":213,"column":41},"end":{"line":213,"column":56}},"58":{"start":{"line":213,"column":84},"end":{"line":213,"column":98}},"59":{"start":{"line":214,"column":16},"end":{"line":229,"column":18}},"60":{"start":{"line":222,"column":37},"end":{"line":222,"column":58}},"61":{"start":{"line":236,"column":29},"end":{"line":236,"column":55}},"62":{"start":{"line":236,"column":52},"end":{"line":236,"column":54}},"63":{"start":{"line":266,"column":37},"end":{"line":266,"column":64}},"64":{"start":{"line":276,"column":22},"end":{"line":287,"column":30}},"65":{"start":{"line":283,"column":42},"end":{"line":283,"column":85}},"66":{"start":{"line":294,"column":35},"end":{"line":294,"column":57}},"67":{"start":{"line":339,"column":18},"end":{"line":364,"column":24}},"68":{"start":{"line":347,"column":37},"end":{"line":347,"column":84}},"69":{"start":{"line":347,"column":71},"end":{"line":347,"column":82}}},"fnMap":{"0":{"name":"(anonymous_0)","decl":{"start":{"line":5,"column":24},"end":{"line":5,"column":25}},"loc":{"start":{"line":5,"column":66},"end":{"line":391,"column":1}},"line":5},"1":{"name":"(anonymous_1)","decl":{"start":{"line":8,"column":27},"end":{"line":8,"column":28}},"loc":{"start":{"line":8,"column":53},"end":{"line":15,"column":3}},"line":8},"2":{"name":"(anonymous_2)","decl":{"start":{"line":25,"column":15},"end":{"line":25,"column":16}},"loc":{"start":{"line":25,"column":21},"end":{"line":29,"column":5}},"line":25},"3":{"name":"(anonymous_3)","decl":{"start":{"line":46,"column":12},"end":{"line":46,"column":13}},"loc":{"start":{"line":46,"column":18},"end":{"line":54,"column":3}},"line":46},"4":{"name":"(anonymous_4)","decl":{"start":{"line":47,"column":27},"end":{"line":47,"column":28}},"loc":{"start":{"line":47,"column":34},"end":{"line":51,"column":5}},"line":47},"5":{"name":"(anonymous_5)","decl":{"start":{"line":53,"column":11},"end":{"line":53,"column":12}},"loc":{"start":{"line":53,"column":17},"end":{"line":53,"column":72}},"line":53},"6":{"name":"(anonymous_6)","decl":{"start":{"line":56,"column":20},"end":{"line":56,"column":21}},"loc":{"start":{"line":56,"column":26},"end":{"line":61,"column":3}},"line":56},"7":{"name":"(anonymous_7)","decl":{"start":{"line":63,"column":23},"end":{"line":63,"column":24}},"loc":{"start":{"line":63,"column":30},"end":{"line":66,"column":3}},"line":63},"8":{"name":"(anonymous_8)","decl":{"start":{"line":65,"column":16},"end":{"line":65,"column":17}},"loc":{"start":{"line":65,"column":27},"end":{"line":65,"column":53}},"line":65},"9":{"name":"(anonymous_9)","decl":{"start":{"line":68,"column":28},"end":{"line":68,"column":29}},"loc":{"start":{"line":68,"column":35},"end":{"line":71,"column":3}},"line":68},"10":{"name":"(anonymous_10)","decl":{"start":{"line":70,"column":14},"end":{"line":70,"column":15}},"loc":{"start":{"line":70,"column":30},"end":{"line":70,"column":55}},"line":70},"11":{"name":"(anonymous_11)","decl":{"start":{"line":73,"column":25},"end":{"line":73,"column":26}},"loc":{"start":{"line":73,"column":33},"end":{"line":81,"column":3}},"line":73},"12":{"name":"(anonymous_12)","decl":{"start":{"line":74,"column":16},"end":{"line":74,"column":17}},"loc":{"start":{"line":74,"column":26},"end":{"line":80,"column":5}},"line":74},"13":{"name":"(anonymous_13)","decl":{"start":{"line":78,"column":52},"end":{"line":78,"column":53}},"loc":{"start":{"line":78,"column":59},"end":{"line":78,"column":67}},"line":78},"14":{"name":"(anonymous_14)","decl":{"start":{"line":83,"column":23},"end":{"line":83,"column":24}},"loc":{"start":{"line":83,"column":30},"end":{"line":97,"column":3}},"line":83},"15":{"name":"(anonymous_15)","decl":{"start":{"line":90,"column":32},"end":{"line":90,"column":33}},"loc":{"start":{"line":90,"column":48},"end":{"line":92,"column":5}},"line":90},"16":{"name":"(anonymous_16)","decl":{"start":{"line":93,"column":19},"end":{"line":93,"column":20}},"loc":{"start":{"line":93,"column":30},"end":{"line":95,"column":5}},"line":93},"17":{"name":"(anonymous_17)","decl":{"start":{"line":102,"column":41},"end":{"line":102,"column":42}},"loc":{"start":{"line":103,"column":4},"end":{"line":103,"column":57}},"line":103},"18":{"name":"(anonymous_18)","decl":{"start":{"line":211,"column":39},"end":{"line":211,"column":40}},"loc":{"start":{"line":211,"column":50},"end":{"line":230,"column":15}},"line":211},"19":{"name":"(anonymous_19)","decl":{"start":{"line":213,"column":34},"end":{"line":213,"column":35}},"loc":{"start":{"line":213,"column":41},"end":{"line":213,"column":56}},"line":213},"20":{"name":"(anonymous_20)","decl":{"start":{"line":213,"column":77},"end":{"line":213,"column":78}},"loc":{"start":{"line":213,"column":84},"end":{"line":213,"column":98}},"line":213},"21":{"name":"(anonymous_21)","decl":{"start":{"line":222,"column":31},"end":{"line":222,"column":32}},"loc":{"start":{"line":222,"column":37},"end":{"line":222,"column":58}},"line":222},"22":{"name":"(anonymous_22)","decl":{"start":{"line":236,"column":23},"end":{"line":236,"column":24}},"loc":{"start":{"line":236,"column":29},"end":{"line":236,"column":55}},"line":236},"23":{"name":"(anonymous_23)","decl":{"start":{"line":236,"column":45},"end":{"line":236,"column":46}},"loc":{"start":{"line":236,"column":52},"end":{"line":236,"column":54}},"line":236},"24":{"name":"(anonymous_24)","decl":{"start":{"line":266,"column":30},"end":{"line":266,"column":31}},"loc":{"start":{"line":266,"column":37},"end":{"line":266,"column":64}},"line":266},"25":{"name":"(anonymous_25)","decl":{"start":{"line":275,"column":37},"end":{"line":275,"column":38}},"loc":{"start":{"line":276,"column":22},"end":{"line":287,"column":30}},"line":276},"26":{"name":"(anonymous_26)","decl":{"start":{"line":283,"column":36},"end":{"line":283,"column":37}},"loc":{"start":{"line":283,"column":42},"end":{"line":283,"column":85}},"line":283},"27":{"name":"(anonymous_27)","decl":{"start":{"line":294,"column":29},"end":{"line":294,"column":30}},"loc":{"start":{"line":294,"column":35},"end":{"line":294,"column":57}},"line":294},"28":{"name":"(anonymous_28)","decl":{"start":{"line":338,"column":28},"end":{"line":338,"column":29}},"loc":{"start":{"line":339,"column":18},"end":{"line":364,"column":24}},"line":339},"29":{"name":"(anonymous_29)","decl":{"start":{"line":347,"column":31},"end":{"line":347,"column":32}},"loc":{"start":{"line":347,"column":37},"end":{"line":347,"column":84}},"line":347},"30":{"name":"(anonymous_30)","decl":{"start":{"line":347,"column":61},"end":{"line":347,"column":62}},"loc":{"start":{"line":347,"column":71},"end":{"line":347,"column":82}},"line":347}},"branchMap":{"0":{"loc":{"start":{"line":5,"column":44},"end":{"line":5,"column":59}},"type":"default-arg","locations":[{"start":{"line":5,"column":57},"end":{"line":5,"column":59}}],"line":5},"1":{"loc":{"start":{"line":48,"column":6},"end":{"line":50,"column":7}},"type":"if","locations":[{"start":{"line":48,"column":6},"end":{"line":50,"column":7}},{"start":{},"end":{}}],"line":48},"2":{"loc":{"start":{"line":48,"column":10},"end":{"line":48,"column":72}},"type":"binary-expr","locations":[{"start":{"line":48,"column":10},"end":{"line":48,"column":29}},{"start":{"line":48,"column":33},"end":{"line":48,"column":72}}],"line":48},"3":{"loc":{"start":{"line":78,"column":20},"end":{"line":78,"column":95}},"type":"cond-expr","locations":[{"start":{"line":78,"column":29},"end":{"line":78,"column":68}},{"start":{"line":78,"column":71},"end":{"line":78,"column":95}}],"line":78},"4":{"loc":{"start":{"line":99,"column":2},"end":{"line":99,"column":27}},"type":"if","locations":[{"start":{"line":99,"column":2},"end":{"line":99,"column":27}},{"start":{},"end":{}}],"line":99},"5":{"loc":{"start":{"line":140,"column":11},"end":{"line":144,"column":11}},"type":"binary-expr","locations":[{"start":{"line":140,"column":11},"end":{"line":140,"column":18}},{"start":{"line":141,"column":12},"end":{"line":143,"column":18}}],"line":140},"6":{"loc":{"start":{"line":142,"column":15},"end":{"line":142,"column":89}},"type":"cond-expr","locations":[{"start":{"line":142,"column":43},"end":{"line":142,"column":73}},{"start":{"line":142,"column":76},"end":{"line":142,"column":89}}],"line":142},"7":{"loc":{"start":{"line":213,"column":18},"end":{"line":213,"column":99}},"type":"binary-expr","locations":[{"start":{"line":213,"column":18},"end":{"line":213,"column":57}},{"start":{"line":213,"column":61},"end":{"line":213,"column":99}}],"line":213},"8":{"loc":{"start":{"line":219,"column":27},"end":{"line":219,"column":45}},"type":"cond-expr","locations":[{"start":{"line":219,"column":31},"end":{"line":219,"column":37}},{"start":{"line":219,"column":40},"end":{"line":219,"column":45}}],"line":219},"9":{"loc":{"start":{"line":240,"column":17},"end":{"line":242,"column":39}},"type":"cond-expr","locations":[{"start":{"line":241,"column":20},"end":{"line":241,"column":60}},{"start":{"line":242,"column":20},"end":{"line":242,"column":39}}],"line":240},"10":{"loc":{"start":{"line":260,"column":13},"end":{"line":301,"column":13}},"type":"binary-expr","locations":[{"start":{"line":260,"column":13},"end":{"line":260,"column":25}},{"start":{"line":261,"column":14},"end":{"line":300,"column":20}}],"line":260},"11":{"loc":{"start":{"line":272,"column":19},"end":{"line":289,"column":19}},"type":"cond-expr","locations":[{"start":{"line":273,"column":20},"end":{"line":273,"column":88}},{"start":{"line":275,"column":20},"end":{"line":288,"column":22}}],"line":272},"12":{"loc":{"start":{"line":277,"column":29},"end":{"line":277,"column":56}},"type":"binary-expr","locations":[{"start":{"line":277,"column":29},"end":{"line":277,"column":41}},{"start":{"line":277,"column":45},"end":{"line":277,"column":56}}],"line":277},"13":{"loc":{"start":{"line":282,"column":64},"end":{"line":282,"column":91}},"type":"binary-expr","locations":[{"start":{"line":282,"column":64},"end":{"line":282,"column":76}},{"start":{"line":282,"column":80},"end":{"line":282,"column":91}}],"line":282},"14":{"loc":{"start":{"line":283,"column":57},"end":{"line":283,"column":84}},"type":"binary-expr","locations":[{"start":{"line":283,"column":57},"end":{"line":283,"column":69}},{"start":{"line":283,"column":73},"end":{"line":283,"column":84}}],"line":283},"15":{"loc":{"start":{"line":336,"column":13},"end":{"line":367,"column":13}},"type":"binary-expr","locations":[{"start":{"line":336,"column":13},"end":{"line":336,"column":30}},{"start":{"line":337,"column":14},"end":{"line":366,"column":20}}],"line":336},"16":{"loc":{"start":{"line":384,"column":15},"end":{"line":384,"column":54}},"type":"cond-expr","locations":[{"start":{"line":384,"column":27},"end":{"line":384,"column":38}},{"start":{"line":384,"column":41},"end":{"line":384,"column":54}}],"line":384}},"s":{"0":0,"1":0,"2":0,"3":0,"4":0,"5":0,"6":0,"7":0,"8":0,"9":0,"10":0,"11":0,"12":0,"13":0,"14":0,"15":0,"16":0,"17":0,"18":0,"19":0,"20":0,"21":0,"22":0,"23":0,"24":0,"25":0,"26":0,"27":0,"28":0,"29":0,"30":0,"31":0,"32":0,"33":0,"34":0,"35":0,"36":0,"37":0,"38":0,"39":0,"40":0,"41":0,"42":0,"43":0,"44":0,"45":0,"46":0,"47":0,"48":0,"49":0,"50":0,"51":0,"52":0,"53":0,"54":0,"55":0,"56":0,"57":0,"58":0,"59":0,"60":0,"61":0,"62":0,"63":0,"64":0,"65":0,"66":0,"67":0,"68":0,"69":0},"f":{"0":0,"1":0,"2":0,"3":0,"4":0,"5":0,"6":0,"7":0,"8":0,"9":0,"10":0,"11":0,"12":0,"13":0,"14":0,"15":0,"16":0,"17":0,"18":0,"19":0,"20":0,"21":0,"22":0,"23":0,"24":0,"25":0,"26":0,"27":0,"28":0,"29":0,"30":0},"b":{"0":[0],"1":[0,0],"2":[0,0],"3":[0,0],"4":[0,0],"5":[0,0],"6":[0,0],"7":[0,0],"8":[0,0],"9":[0,0],"10":[0,0],"11":[0,0],"12":[0,0],"13":[0,0],"14":[0,0],"15":[0,0],"16":[0,0]}}
,"/home/__wassim1__/Desktop/e-market-api-front/src/components/Products/EditProductModal.jsx": {"path":"/home/__wassim1__/Desktop/e-market-api-front/src/components/Products/EditProductModal.jsx","statementMap":{"0":{"start":{"line":10,"column":36},"end":{"line":110,"column":1}},"1":{"start":{"line":11,"column":26},"end":{"line":11,"column":41}},"2":{"start":{"line":12,"column":28},"end":{"line":12,"column":40}},"3":{"start":{"line":13,"column":23},"end":{"line":13,"column":35}},"4":{"start":{"line":15,"column":2},"end":{"line":21,"column":9}},"5":{"start":{"line":16,"column":23},"end":{"line":18,"column":5}},"6":{"start":{"line":17,"column":6},"end":{"line":17,"column":91}},"7":{"start":{"line":17,"column":76},"end":{"line":17,"column":91}},"8":{"start":{"line":19,"column":4},"end":{"line":19,"column":53}},"9":{"start":{"line":20,"column":4},"end":{"line":20,"column":69}},"10":{"start":{"line":20,"column":17},"end":{"line":20,"column":68}},"11":{"start":{"line":23,"column":23},"end":{"line":26,"column":3}},"12":{"start":{"line":24,"column":4},"end":{"line":25,"column":34}},"13":{"start":{"line":24,"column":28},"end":{"line":24,"column":68}},"14":{"start":{"line":24,"column":57},"end":{"line":24,"column":65}},"15":{"start":{"line":25,"column":9},"end":{"line":25,"column":34}},"16":{"start":{"line":28,"column":19},"end":{"line":28,"column":95}},"17":{"start":{"line":28,"column":44},"end":{"line":28,"column":94}},"18":{"start":{"line":30,"column":2},"end":{"line":109,"column":4}},"19":{"start":{"line":34,"column":23},"end":{"line":34,"column":41}},"20":{"start":{"line":34,"column":38},"end":{"line":34,"column":40}},"21":{"start":{"line":38,"column":10},"end":{"line":38,"column":69}},"22":{"start":{"line":38,"column":50},"end":{"line":38,"column":69}},"23":{"start":{"line":38,"column":65},"end":{"line":38,"column":67}},"24":{"start":{"line":46,"column":24},"end":{"line":46,"column":99}},"25":{"start":{"line":46,"column":47},"end":{"line":46,"column":59}},"26":{"start":{"line":46,"column":87},"end":{"line":46,"column":98}},"27":{"start":{"line":47,"column":12},"end":{"line":65,"column":14}},"28":{"start":{"line":56,"column":20},"end":{"line":56,"column":40}},"29":{"start":{"line":57,"column":20},"end":{"line":57,"column":37}},"30":{"start":{"line":77,"column":29},"end":{"line":77,"column":53}},"31":{"start":{"line":81,"column":14},"end":{"line":91,"column":22}},"32":{"start":{"line":88,"column":34},"end":{"line":88,"column":65}},"33":{"start":{"line":100,"column":29},"end":{"line":100,"column":43}},"34":{"start":{"line":112,"column":25},"end":{"line":476,"column":1}},"35":{"start":{"line":113,"column":19},"end":{"line":113,"column":32}},"36":{"start":{"line":114,"column":18},"end":{"line":114,"column":52}},"37":{"start":{"line":115,"column":16},"end":{"line":115,"column":48}},"38":{"start":{"line":116,"column":23},"end":{"line":116,"column":35}},"39":{"start":{"line":118,"column":34},"end":{"line":124,"column":4}},"40":{"start":{"line":125,"column":30},"end":{"line":125,"column":42}},"41":{"start":{"line":126,"column":46},"end":{"line":126,"column":58}},"42":{"start":{"line":127,"column":60},"end":{"line":127,"column":72}},"43":{"start":{"line":128,"column":18},"end":{"line":128,"column":66}},"44":{"start":{"line":130,"column":2},"end":{"line":172,"column":16}},"45":{"start":{"line":131,"column":4},"end":{"line":171,"column":5}},"46":{"start":{"line":132,"column":19},"end":{"line":136,"column":14}},"47":{"start":{"line":133,"column":42},"end":{"line":133,"column":56}},"48":{"start":{"line":138,"column":6},"end":{"line":144,"column":9}},"49":{"start":{"line":146,"column":25},"end":{"line":163,"column":24}},"50":{"start":{"line":148,"column":10},"end":{"line":148,"column":32}},"51":{"start":{"line":148,"column":20},"end":{"line":148,"column":32}},"52":{"start":{"line":149,"column":10},"end":{"line":155,"column":11}},"53":{"start":{"line":150,"column":24},"end":{"line":152,"column":67}},"54":{"start":{"line":153,"column":23},"end":{"line":153,"column":26}},"55":{"start":{"line":154,"column":12},"end":{"line":154,"column":31}},"56":{"start":{"line":156,"column":22},"end":{"line":156,"column":73}},"57":{"start":{"line":157,"column":26},"end":{"line":159,"column":65}},"58":{"start":{"line":160,"column":21},"end":{"line":160,"column":65}},"59":{"start":{"line":161,"column":10},"end":{"line":161,"column":38}},"60":{"start":{"line":165,"column":6},"end":{"line":165,"column":36}},"61":{"start":{"line":166,"column":6},"end":{"line":166,"column":35}},"62":{"start":{"line":167,"column":6},"end":{"line":170,"column":9}},"63":{"start":{"line":168,"column":8},"end":{"line":168,"column":60}},"64":{"start":{"line":168,"column":28},"end":{"line":168,"column":58}},"65":{"start":{"line":169,"column":8},"end":{"line":169,"column":18}},"66":{"start":{"line":174,"column":2},"end":{"line":178,"column":4}},"67":{"start":{"line":175,"column":10},"end":{"line":175,"column":69}},"68":{"start":{"line":175,"column":16},"end":{"line":175,"column":69}},"69":{"start":{"line":175,"column":38},"end":{"line":175,"column":68}},"70":{"start":{"line":180,"column":23},"end":{"line":183,"column":3}},"71":{"start":{"line":181,"column":28},"end":{"line":181,"column":36}},"72":{"start":{"line":182,"column":4},"end":{"line":182,"column":52}},"73":{"start":{"line":182,"column":25},"end":{"line":182,"column":49}},"74":{"start":{"line":185,"column":33},"end":{"line":186,"column":58}},"75":{"start":{"line":186,"column":4},"end":{"line":186,"column":58}},"76":{"start":{"line":186,"column":25},"end":{"line":186,"column":56}},"77":{"start":{"line":188,"column":28},"end":{"line":193,"column":3}},"78":{"start":{"line":189,"column":18},"end":{"line":189,"column":50}},"79":{"start":{"line":190,"column":19},"end":{"line":190,"column":83}},"80":{"start":{"line":190,"column":37},"end":{"line":190,"column":81}},"81":{"start":{"line":191,"column":4},"end":{"line":191,"column":46}},"82":{"start":{"line":191,"column":24},"end":{"line":191,"column":44}},"83":{"start":{"line":192,"column":4},"end":{"line":192,"column":26}},"84":{"start":{"line":195,"column":25},"end":{"line":201,"column":3}},"85":{"start":{"line":196,"column":4},"end":{"line":200,"column":7}},"86":{"start":{"line":197,"column":22},"end":{"line":197,"column":33}},"87":{"start":{"line":198,"column":6},"end":{"line":198,"column":56}},"88":{"start":{"line":198,"column":19},"end":{"line":198,"column":56}},"89":{"start":{"line":199,"column":6},"end":{"line":199,"column":48}},"90":{"start":{"line":199,"column":35},"end":{"line":199,"column":46}},"91":{"start":{"line":203,"column":30},"end":{"line":206,"column":3}},"92":{"start":{"line":204,"column":4},"end":{"line":204,"column":69}},"93":{"start":{"line":204,"column":32},"end":{"line":204,"column":67}},"94":{"start":{"line":204,"column":53},"end":{"line":204,"column":66}},"95":{"start":{"line":205,"column":4},"end":{"line":205,"column":54}},"96":{"start":{"line":205,"column":39},"end":{"line":205,"column":52}},"97":{"start":{"line":208,"column":23},"end":{"line":229,"column":3}},"98":{"start":{"line":209,"column":4},"end":{"line":209,"column":23}},"99":{"start":{"line":210,"column":4},"end":{"line":210,"column":25}},"100":{"start":{"line":210,"column":18},"end":{"line":210,"column":25}},"101":{"start":{"line":212,"column":17},"end":{"line":212,"column":31}},"102":{"start":{"line":213,"column":4},"end":{"line":213,"column":41}},"103":{"start":{"line":214,"column":4},"end":{"line":214,"column":53}},"104":{"start":{"line":215,"column":4},"end":{"line":215,"column":39}},"105":{"start":{"line":216,"column":4},"end":{"line":216,"column":41}},"106":{"start":{"line":218,"column":4},"end":{"line":218,"column":79}},"107":{"start":{"line":218,"column":47},"end":{"line":218,"column":77}},"108":{"start":{"line":219,"column":4},"end":{"line":219,"column":77}},"109":{"start":{"line":219,"column":36},"end":{"line":219,"column":75}},"110":{"start":{"line":220,"column":4},"end":{"line":220,"column":78}},"111":{"start":{"line":220,"column":42},"end":{"line":220,"column":76}},"112":{"start":{"line":221,"column":4},"end":{"line":221,"column":63}},"113":{"start":{"line":221,"column":29},"end":{"line":221,"column":61}},"114":{"start":{"line":223,"column":4},"end":{"line":228,"column":7}},"115":{"start":{"line":224,"column":6},"end":{"line":227,"column":7}},"116":{"start":{"line":225,"column":8},"end":{"line":225,"column":34}},"117":{"start":{"line":226,"column":8},"end":{"line":226,"column":22}},"118":{"start":{"line":231,"column":22},"end":{"line":238,"column":3}},"119":{"start":{"line":232,"column":4},"end":{"line":232,"column":58}},"120":{"start":{"line":232,"column":26},"end":{"line":232,"column":56}},"121":{"start":{"line":233,"column":4},"end":{"line":233,"column":18}},"122":{"start":{"line":234,"column":4},"end":{"line":234,"column":26}},"123":{"start":{"line":235,"column":4},"end":{"line":235,"column":33}},"124":{"start":{"line":236,"column":4},"end":{"line":236,"column":85}},"125":{"start":{"line":237,"column":4},"end":{"line":237,"column":14}},"126":{"start":{"line":240,"column":2},"end":{"line":240,"column":39}},"127":{"start":{"line":240,"column":27},"end":{"line":240,"column":39}},"128":{"start":{"line":242,"column":2},"end":{"line":475,"column":4}},"129":{"start":{"line":355,"column":20},"end":{"line":382,"column":26}},"130":{"start":{"line":363,"column":39},"end":{"line":363,"column":68}},"131":{"start":{"line":390,"column":29},"end":{"line":390,"column":81}},"132":{"start":{"line":424,"column":18},"end":{"line":450,"column":24}},"133":{"start":{"line":432,"column":37},"end":{"line":432,"column":58}}},"fnMap":{"0":{"name":"(anonymous_0)","decl":{"start":{"line":10,"column":36},"end":{"line":10,"column":37}},"loc":{"start":{"line":10,"column":83},"end":{"line":110,"column":1}},"line":10},"1":{"name":"(anonymous_1)","decl":{"start":{"line":15,"column":12},"end":{"line":15,"column":13}},"loc":{"start":{"line":15,"column":18},"end":{"line":21,"column":3}},"line":15},"2":{"name":"(anonymous_2)","decl":{"start":{"line":16,"column":23},"end":{"line":16,"column":24}},"loc":{"start":{"line":16,"column":30},"end":{"line":18,"column":5}},"line":16},"3":{"name":"(anonymous_3)","decl":{"start":{"line":20,"column":11},"end":{"line":20,"column":12}},"loc":{"start":{"line":20,"column":17},"end":{"line":20,"column":68}},"line":20},"4":{"name":"(anonymous_4)","decl":{"start":{"line":23,"column":23},"end":{"line":23,"column":24}},"loc":{"start":{"line":23,"column":31},"end":{"line":26,"column":3}},"line":23},"5":{"name":"(anonymous_5)","decl":{"start":{"line":24,"column":50},"end":{"line":24,"column":51}},"loc":{"start":{"line":24,"column":57},"end":{"line":24,"column":65}},"line":24},"6":{"name":"(anonymous_6)","decl":{"start":{"line":28,"column":37},"end":{"line":28,"column":38}},"loc":{"start":{"line":28,"column":44},"end":{"line":28,"column":94}},"line":28},"7":{"name":"(anonymous_7)","decl":{"start":{"line":34,"column":17},"end":{"line":34,"column":18}},"loc":{"start":{"line":34,"column":23},"end":{"line":34,"column":41}},"line":34},"8":{"name":"(anonymous_8)","decl":{"start":{"line":34,"column":31},"end":{"line":34,"column":32}},"loc":{"start":{"line":34,"column":38},"end":{"line":34,"column":40}},"line":34},"9":{"name":"(anonymous_9)","decl":{"start":{"line":37,"column":19},"end":{"line":37,"column":20}},"loc":{"start":{"line":37,"column":26},"end":{"line":39,"column":9}},"line":37},"10":{"name":"(anonymous_10)","decl":{"start":{"line":38,"column":58},"end":{"line":38,"column":59}},"loc":{"start":{"line":38,"column":65},"end":{"line":38,"column":67}},"line":38},"11":{"name":"(anonymous_11)","decl":{"start":{"line":45,"column":21},"end":{"line":45,"column":22}},"loc":{"start":{"line":45,"column":29},"end":{"line":66,"column":11}},"line":45},"12":{"name":"(anonymous_12)","decl":{"start":{"line":46,"column":40},"end":{"line":46,"column":41}},"loc":{"start":{"line":46,"column":47},"end":{"line":46,"column":59}},"line":46},"13":{"name":"(anonymous_13)","decl":{"start":{"line":46,"column":80},"end":{"line":46,"column":81}},"loc":{"start":{"line":46,"column":87},"end":{"line":46,"column":98}},"line":46},"14":{"name":"(anonymous_14)","decl":{"start":{"line":55,"column":27},"end":{"line":55,"column":28}},"loc":{"start":{"line":55,"column":34},"end":{"line":58,"column":19}},"line":55},"15":{"name":"(anonymous_15)","decl":{"start":{"line":77,"column":22},"end":{"line":77,"column":23}},"loc":{"start":{"line":77,"column":29},"end":{"line":77,"column":53}},"line":77},"16":{"name":"(anonymous_16)","decl":{"start":{"line":80,"column":26},"end":{"line":80,"column":27}},"loc":{"start":{"line":81,"column":14},"end":{"line":91,"column":22}},"line":81},"17":{"name":"(anonymous_17)","decl":{"start":{"line":88,"column":28},"end":{"line":88,"column":29}},"loc":{"start":{"line":88,"column":34},"end":{"line":88,"column":65}},"line":88},"18":{"name":"(anonymous_18)","decl":{"start":{"line":100,"column":23},"end":{"line":100,"column":24}},"loc":{"start":{"line":100,"column":29},"end":{"line":100,"column":43}},"line":100},"19":{"name":"(anonymous_19)","decl":{"start":{"line":112,"column":25},"end":{"line":112,"column":26}},"loc":{"start":{"line":112,"column":76},"end":{"line":476,"column":1}},"line":112},"20":{"name":"(anonymous_20)","decl":{"start":{"line":130,"column":12},"end":{"line":130,"column":13}},"loc":{"start":{"line":130,"column":18},"end":{"line":172,"column":3}},"line":130},"21":{"name":"(anonymous_21)","decl":{"start":{"line":133,"column":33},"end":{"line":133,"column":34}},"loc":{"start":{"line":133,"column":42},"end":{"line":133,"column":56}},"line":133},"22":{"name":"(anonymous_22)","decl":{"start":{"line":147,"column":13},"end":{"line":147,"column":14}},"loc":{"start":{"line":147,"column":22},"end":{"line":162,"column":9}},"line":147},"23":{"name":"(anonymous_23)","decl":{"start":{"line":167,"column":16},"end":{"line":167,"column":17}},"loc":{"start":{"line":167,"column":26},"end":{"line":170,"column":7}},"line":167},"24":{"name":"(anonymous_24)","decl":{"start":{"line":168,"column":21},"end":{"line":168,"column":22}},"loc":{"start":{"line":168,"column":28},"end":{"line":168,"column":58}},"line":168},"25":{"name":"(anonymous_25)","decl":{"start":{"line":175,"column":4},"end":{"line":175,"column":5}},"loc":{"start":{"line":175,"column":10},"end":{"line":175,"column":69}},"line":175},"26":{"name":"(anonymous_26)","decl":{"start":{"line":175,"column":10},"end":{"line":175,"column":11}},"loc":{"start":{"line":175,"column":16},"end":{"line":175,"column":69}},"line":175},"27":{"name":"(anonymous_27)","decl":{"start":{"line":175,"column":31},"end":{"line":175,"column":32}},"loc":{"start":{"line":175,"column":38},"end":{"line":175,"column":68}},"line":175},"28":{"name":"(anonymous_28)","decl":{"start":{"line":180,"column":23},"end":{"line":180,"column":24}},"loc":{"start":{"line":180,"column":30},"end":{"line":183,"column":3}},"line":180},"29":{"name":"(anonymous_29)","decl":{"start":{"line":182,"column":16},"end":{"line":182,"column":17}},"loc":{"start":{"line":182,"column":25},"end":{"line":182,"column":49}},"line":182},"30":{"name":"(anonymous_30)","decl":{"start":{"line":185,"column":33},"end":{"line":185,"column":34}},"loc":{"start":{"line":186,"column":4},"end":{"line":186,"column":58}},"line":186},"31":{"name":"(anonymous_31)","decl":{"start":{"line":186,"column":16},"end":{"line":186,"column":17}},"loc":{"start":{"line":186,"column":25},"end":{"line":186,"column":56}},"line":186},"32":{"name":"(anonymous_32)","decl":{"start":{"line":188,"column":28},"end":{"line":188,"column":29}},"loc":{"start":{"line":188,"column":35},"end":{"line":193,"column":3}},"line":188},"33":{"name":"(anonymous_33)","decl":{"start":{"line":190,"column":29},"end":{"line":190,"column":30}},"loc":{"start":{"line":190,"column":37},"end":{"line":190,"column":81}},"line":190},"34":{"name":"(anonymous_34)","decl":{"start":{"line":191,"column":14},"end":{"line":191,"column":15}},"loc":{"start":{"line":191,"column":24},"end":{"line":191,"column":44}},"line":191},"35":{"name":"(anonymous_35)","decl":{"start":{"line":195,"column":25},"end":{"line":195,"column":26}},"loc":{"start":{"line":195,"column":36},"end":{"line":201,"column":3}},"line":195},"36":{"name":"(anonymous_36)","decl":{"start":{"line":196,"column":14},"end":{"line":196,"column":15}},"loc":{"start":{"line":196,"column":24},"end":{"line":200,"column":5}},"line":196},"37":{"name":"(anonymous_37)","decl":{"start":{"line":199,"column":25},"end":{"line":199,"column":26}},"loc":{"start":{"line":199,"column":35},"end":{"line":199,"column":46}},"line":199},"38":{"name":"(anonymous_38)","decl":{"start":{"line":203,"column":30},"end":{"line":203,"column":31}},"loc":{"start":{"line":203,"column":38},"end":{"line":206,"column":3}},"line":203},"39":{"name":"(anonymous_39)","decl":{"start":{"line":204,"column":22},"end":{"line":204,"column":23}},"loc":{"start":{"line":204,"column":32},"end":{"line":204,"column":67}},"line":204},"40":{"name":"(anonymous_40)","decl":{"start":{"line":204,"column":44},"end":{"line":204,"column":45}},"loc":{"start":{"line":204,"column":53},"end":{"line":204,"column":66}},"line":204},"41":{"name":"(anonymous_41)","decl":{"start":{"line":205,"column":29},"end":{"line":205,"column":30}},"loc":{"start":{"line":205,"column":39},"end":{"line":205,"column":52}},"line":205},"42":{"name":"(anonymous_42)","decl":{"start":{"line":208,"column":23},"end":{"line":208,"column":24}},"loc":{"start":{"line":208,"column":30},"end":{"line":229,"column":3}},"line":208},"43":{"name":"(anonymous_43)","decl":{"start":{"line":218,"column":40},"end":{"line":218,"column":41}},"loc":{"start":{"line":218,"column":47},"end":{"line":218,"column":77}},"line":218},"44":{"name":"(anonymous_44)","decl":{"start":{"line":219,"column":27},"end":{"line":219,"column":28}},"loc":{"start":{"line":219,"column":36},"end":{"line":219,"column":75}},"line":219},"45":{"name":"(anonymous_45)","decl":{"start":{"line":220,"column":34},"end":{"line":220,"column":35}},"loc":{"start":{"line":220,"column":42},"end":{"line":220,"column":76}},"line":220},"46":{"name":"(anonymous_46)","decl":{"start":{"line":221,"column":19},"end":{"line":221,"column":20}},"loc":{"start":{"line":221,"column":29},"end":{"line":221,"column":61}},"line":221},"47":{"name":"(anonymous_47)","decl":{"start":{"line":223,"column":73},"end":{"line":223,"column":74}},"loc":{"start":{"line":223,"column":85},"end":{"line":228,"column":5}},"line":223},"48":{"name":"(anonymous_48)","decl":{"start":{"line":231,"column":22},"end":{"line":231,"column":23}},"loc":{"start":{"line":231,"column":28},"end":{"line":238,"column":3}},"line":231},"49":{"name":"(anonymous_49)","decl":{"start":{"line":232,"column":19},"end":{"line":232,"column":20}},"loc":{"start":{"line":232,"column":26},"end":{"line":232,"column":56}},"line":232},"50":{"name":"(anonymous_50)","decl":{"start":{"line":354,"column":38},"end":{"line":354,"column":39}},"loc":{"start":{"line":355,"column":20},"end":{"line":382,"column":26}},"line":355},"51":{"name":"(anonymous_51)","decl":{"start":{"line":363,"column":33},"end":{"line":363,"column":34}},"loc":{"start":{"line":363,"column":39},"end":{"line":363,"column":68}},"line":363},"52":{"name":"(anonymous_52)","decl":{"start":{"line":390,"column":23},"end":{"line":390,"column":24}},"loc":{"start":{"line":390,"column":29},"end":{"line":390,"column":81}},"line":390},"53":{"name":"(anonymous_53)","decl":{"start":{"line":423,"column":28},"end":{"line":423,"column":29}},"loc":{"start":{"line":424,"column":18},"end":{"line":450,"column":24}},"line":424},"54":{"name":"(anonymous_54)","decl":{"start":{"line":432,"column":31},"end":{"line":432,"column":32}},"loc":{"start":{"line":432,"column":37},"end":{"line":432,"column":58}},"line":432}},"branchMap":{"0":{"loc":{"start":{"line":10,"column":39},"end":{"line":10,"column":54}},"type":"default-arg","locations":[{"start":{"line":10,"column":52},"end":{"line":10,"column":54}}],"line":10},"1":{"loc":{"start":{"line":10,"column":56},"end":{"line":10,"column":66}},"type":"default-arg","locations":[{"start":{"line":10,"column":64},"end":{"line":10,"column":66}}],"line":10},"2":{"loc":{"start":{"line":17,"column":6},"end":{"line":17,"column":91}},"type":"if","locations":[{"start":{"line":17,"column":6},"end":{"line":17,"column":91}},{"start":{},"end":{}}],"line":17},"3":{"loc":{"start":{"line":17,"column":10},"end":{"line":17,"column":74}},"type":"binary-expr","locations":[{"start":{"line":17,"column":10},"end":{"line":17,"column":30}},{"start":{"line":17,"column":34},"end":{"line":17,"column":74}}],"line":17},"4":{"loc":{"start":{"line":24,"column":4},"end":{"line":25,"column":34}},"type":"if","locations":[{"start":{"line":24,"column":4},"end":{"line":25,"column":34}},{"start":{"line":25,"column":9},"end":{"line":25,"column":34}}],"line":24},"5":{"loc":{"start":{"line":38,"column":10},"end":{"line":38,"column":69}},"type":"if","locations":[{"start":{"line":38,"column":10},"end":{"line":38,"column":69}},{"start":{},"end":{}}],"line":38},"6":{"loc":{"start":{"line":38,"column":14},"end":{"line":38,"column":48}},"type":"binary-expr","locations":[{"start":{"line":38,"column":14},"end":{"line":38,"column":31}},{"start":{"line":38,"column":35},"end":{"line":38,"column":48}}],"line":38},"7":{"loc":{"start":{"line":42,"column":11},"end":{"line":44,"column":11}},"type":"binary-expr","locations":[{"start":{"line":42,"column":11},"end":{"line":42,"column":29}},{"start":{"line":43,"column":12},"end":{"line":43,"column":79}}],"line":42},"8":{"loc":{"start":{"line":46,"column":24},"end":{"line":46,"column":99}},"type":"binary-expr","locations":[{"start":{"line":46,"column":24},"end":{"line":46,"column":60}},{"start":{"line":46,"column":64},"end":{"line":46,"column":99}}],"line":46},"9":{"loc":{"start":{"line":52,"column":23},"end":{"line":52,"column":42}},"type":"cond-expr","locations":[{"start":{"line":52,"column":29},"end":{"line":52,"column":37}},{"start":{"line":52,"column":40},"end":{"line":52,"column":42}}],"line":52},"10":{"loc":{"start":{"line":59,"column":40},"end":{"line":59,"column":59}},"type":"cond-expr","locations":[{"start":{"line":59,"column":46},"end":{"line":59,"column":54}},{"start":{"line":59,"column":57},"end":{"line":59,"column":59}}],"line":59},"11":{"loc":{"start":{"line":71,"column":7},"end":{"line":107,"column":7}},"type":"binary-expr","locations":[{"start":{"line":71,"column":7},"end":{"line":71,"column":11}},{"start":{"line":72,"column":8},"end":{"line":106,"column":14}}],"line":71},"12":{"loc":{"start":{"line":82,"column":21},"end":{"line":82,"column":38}},"type":"binary-expr","locations":[{"start":{"line":82,"column":21},"end":{"line":82,"column":28}},{"start":{"line":82,"column":32},"end":{"line":82,"column":38}}],"line":82},"13":{"loc":{"start":{"line":87,"column":42},"end":{"line":87,"column":59}},"type":"binary-expr","locations":[{"start":{"line":87,"column":42},"end":{"line":87,"column":49}},{"start":{"line":87,"column":53},"end":{"line":87,"column":59}}],"line":87},"14":{"loc":{"start":{"line":88,"column":47},"end":{"line":88,"column":64}},"type":"binary-expr","locations":[{"start":{"line":88,"column":47},"end":{"line":88,"column":54}},{"start":{"line":88,"column":58},"end":{"line":88,"column":64}}],"line":88},"15":{"loc":{"start":{"line":93,"column":13},"end":{"line":95,"column":13}},"type":"binary-expr","locations":[{"start":{"line":93,"column":13},"end":{"line":93,"column":34}},{"start":{"line":94,"column":14},"end":{"line":94,"column":82}}],"line":93},"16":{"loc":{"start":{"line":112,"column":54},"end":{"line":112,"column":69}},"type":"default-arg","locations":[{"start":{"line":112,"column":67},"end":{"line":112,"column":69}}],"line":112},"17":{"loc":{"start":{"line":131,"column":4},"end":{"line":171,"column":5}},"type":"if","locations":[{"start":{"line":131,"column":4},"end":{"line":171,"column":5}},{"start":{},"end":{}}],"line":131},"18":{"loc":{"start":{"line":132,"column":19},"end":{"line":136,"column":14}},"type":"cond-expr","locations":[{"start":{"line":133,"column":10},"end":{"line":133,"column":57}},{"start":{"line":134,"column":10},"end":{"line":136,"column":14}}],"line":132},"19":{"loc":{"start":{"line":133,"column":42},"end":{"line":133,"column":56}},"type":"binary-expr","locations":[{"start":{"line":133,"column":42},"end":{"line":133,"column":49}},{"start":{"line":133,"column":53},"end":{"line":133,"column":56}}],"line":133},"20":{"loc":{"start":{"line":134,"column":10},"end":{"line":136,"column":14}},"type":"cond-expr","locations":[{"start":{"line":135,"column":12},"end":{"line":135,"column":32}},{"start":{"line":136,"column":12},"end":{"line":136,"column":14}}],"line":134},"21":{"loc":{"start":{"line":139,"column":15},"end":{"line":139,"column":34}},"type":"binary-expr","locations":[{"start":{"line":139,"column":15},"end":{"line":139,"column":28}},{"start":{"line":139,"column":32},"end":{"line":139,"column":34}}],"line":139},"22":{"loc":{"start":{"line":140,"column":21},"end":{"line":140,"column":46}},"type":"binary-expr","locations":[{"start":{"line":140,"column":21},"end":{"line":140,"column":40}},{"start":{"line":140,"column":44},"end":{"line":140,"column":46}}],"line":140},"23":{"loc":{"start":{"line":141,"column":14},"end":{"line":141,"column":49}},"type":"binary-expr","locations":[{"start":{"line":141,"column":14},"end":{"line":141,"column":26}},{"start":{"line":141,"column":30},"end":{"line":141,"column":43}},{"start":{"line":141,"column":47},"end":{"line":141,"column":49}}],"line":141},"24":{"loc":{"start":{"line":142,"column":15},"end":{"line":142,"column":34}},"type":"binary-expr","locations":[{"start":{"line":142,"column":15},"end":{"line":142,"column":28}},{"start":{"line":142,"column":32},"end":{"line":142,"column":34}}],"line":142},"25":{"loc":{"start":{"line":146,"column":26},"end":{"line":146,"column":46}},"type":"binary-expr","locations":[{"start":{"line":146,"column":26},"end":{"line":146,"column":40}},{"start":{"line":146,"column":44},"end":{"line":146,"column":46}}],"line":146},"26":{"loc":{"start":{"line":148,"column":10},"end":{"line":148,"column":32}},"type":"if","locations":[{"start":{"line":148,"column":10},"end":{"line":148,"column":32}},{"start":{},"end":{}}],"line":148},"27":{"loc":{"start":{"line":149,"column":10},"end":{"line":155,"column":11}},"type":"if","locations":[{"start":{"line":149,"column":10},"end":{"line":155,"column":11}},{"start":{},"end":{}}],"line":149},"28":{"loc":{"start":{"line":150,"column":24},"end":{"line":152,"column":67}},"type":"cond-expr","locations":[{"start":{"line":151,"column":16},"end":{"line":151,"column":19}},{"start":{"line":152,"column":16},"end":{"line":152,"column":67}}],"line":150},"29":{"loc":{"start":{"line":152,"column":29},"end":{"line":152,"column":59}},"type":"cond-expr","locations":[{"start":{"line":152,"column":51},"end":{"line":152,"column":53}},{"start":{"line":152,"column":56},"end":{"line":152,"column":59}}],"line":152},"30":{"loc":{"start":{"line":156,"column":22},"end":{"line":156,"column":73}},"type":"binary-expr","locations":[{"start":{"line":156,"column":22},"end":{"line":156,"column":29}},{"start":{"line":156,"column":33},"end":{"line":156,"column":41}},{"start":{"line":156,"column":45},"end":{"line":156,"column":52}},{"start":{"line":156,"column":56},"end":{"line":156,"column":67}},{"start":{"line":156,"column":71},"end":{"line":156,"column":73}}],"line":156},"31":{"loc":{"start":{"line":157,"column":26},"end":{"line":159,"column":65}},"type":"cond-expr","locations":[{"start":{"line":158,"column":14},"end":{"line":158,"column":17}},{"start":{"line":159,"column":14},"end":{"line":159,"column":65}}],"line":157},"32":{"loc":{"start":{"line":159,"column":27},"end":{"line":159,"column":57}},"type":"cond-expr","locations":[{"start":{"line":159,"column":49},"end":{"line":159,"column":51}},{"start":{"line":159,"column":54},"end":{"line":159,"column":57}}],"line":159},"33":{"loc":{"start":{"line":160,"column":21},"end":{"line":160,"column":65}},"type":"binary-expr","locations":[{"start":{"line":160,"column":21},"end":{"line":160,"column":28}},{"start":{"line":160,"column":32},"end":{"line":160,"column":38}},{"start":{"line":160,"column":42},"end":{"line":160,"column":54}},{"start":{"line":160,"column":58},"end":{"line":160,"column":65}}],"line":160},"34":{"loc":{"start":{"line":189,"column":29},"end":{"line":189,"column":49}},"type":"binary-expr","locations":[{"start":{"line":189,"column":29},"end":{"line":189,"column":43}},{"start":{"line":189,"column":47},"end":{"line":189,"column":49}}],"line":189},"35":{"loc":{"start":{"line":198,"column":6},"end":{"line":198,"column":56}},"type":"if","locations":[{"start":{"line":198,"column":6},"end":{"line":198,"column":56}},{"start":{},"end":{}}],"line":198},"36":{"loc":{"start":{"line":210,"column":4},"end":{"line":210,"column":25}},"type":"if","locations":[{"start":{"line":210,"column":4},"end":{"line":210,"column":25}},{"start":{},"end":{}}],"line":210},"37":{"loc":{"start":{"line":218,"column":5},"end":{"line":218,"column":30}},"type":"binary-expr","locations":[{"start":{"line":218,"column":5},"end":{"line":218,"column":24}},{"start":{"line":218,"column":28},"end":{"line":218,"column":30}}],"line":218},"38":{"loc":{"start":{"line":224,"column":6},"end":{"line":227,"column":7}},"type":"if","locations":[{"start":{"line":224,"column":6},"end":{"line":227,"column":7}},{"start":{},"end":{}}],"line":224},"39":{"loc":{"start":{"line":240,"column":2},"end":{"line":240,"column":39}},"type":"if","locations":[{"start":{"line":240,"column":2},"end":{"line":240,"column":39}},{"start":{},"end":{}}],"line":240},"40":{"loc":{"start":{"line":240,"column":6},"end":{"line":240,"column":25}},"type":"binary-expr","locations":[{"start":{"line":240,"column":6},"end":{"line":240,"column":13}},{"start":{"line":240,"column":17},"end":{"line":240,"column":25}}],"line":240},"41":{"loc":{"start":{"line":276,"column":11},"end":{"line":280,"column":11}},"type":"binary-expr","locations":[{"start":{"line":276,"column":11},"end":{"line":276,"column":16}},{"start":{"line":277,"column":12},"end":{"line":279,"column":18}}],"line":276},"42":{"loc":{"start":{"line":278,"column":15},"end":{"line":278,"column":81}},"type":"cond-expr","locations":[{"start":{"line":278,"column":43},"end":{"line":278,"column":73}},{"start":{"line":278,"column":76},"end":{"line":278,"column":81}}],"line":278},"43":{"loc":{"start":{"line":350,"column":13},"end":{"line":386,"column":13}},"type":"binary-expr","locations":[{"start":{"line":350,"column":13},"end":{"line":350,"column":38}},{"start":{"line":351,"column":14},"end":{"line":385,"column":20}}],"line":350},"44":{"loc":{"start":{"line":390,"column":29},"end":{"line":390,"column":81}},"type":"binary-expr","locations":[{"start":{"line":390,"column":29},"end":{"line":390,"column":49}},{"start":{"line":390,"column":53},"end":{"line":390,"column":81}}],"line":390},"45":{"loc":{"start":{"line":421,"column":13},"end":{"line":453,"column":13}},"type":"binary-expr","locations":[{"start":{"line":421,"column":13},"end":{"line":421,"column":30}},{"start":{"line":422,"column":14},"end":{"line":452,"column":20}}],"line":421},"46":{"loc":{"start":{"line":469,"column":15},"end":{"line":469,"column":53}},"type":"cond-expr","locations":[{"start":{"line":469,"column":25},"end":{"line":469,"column":36}},{"start":{"line":469,"column":39},"end":{"line":469,"column":53}}],"line":469}},"s":{"0":0,"1":0,"2":0,"3":0,"4":0,"5":0,"6":0,"7":0,"8":0,"9":0,"10":0,"11":0,"12":0,"13":0,"14":0,"15":0,"16":0,"17":0,"18":0,"19":0,"20":0,"21":0,"22":0,"23":0,"24":0,"25":0,"26":0,"27":0,"28":0,"29":0,"30":0,"31":0,"32":0,"33":0,"34":0,"35":0,"36":0,"37":0,"38":0,"39":0,"40":0,"41":0,"42":0,"43":0,"44":0,"45":0,"46":0,"47":0,"48":0,"49":0,"50":0,"51":0,"52":0,"53":0,"54":0,"55":0,"56":0,"57":0,"58":0,"59":0,"60":0,"61":0,"62":0,"63":0,"64":0,"65":0,"66":0,"67":0,"68":0,"69":0,"70":0,"71":0,"72":0,"73":0,"74":0,"75":0,"76":0,"77":0,"78":0,"79":0,"80":0,"81":0,"82":0,"83":0,"84":0,"85":0,"86":0,"87":0,"88":0,"89":0,"90":0,"91":0,"92":0,"93":0,"94":0,"95":0,"96":0,"97":0,"98":0,"99":0,"100":0,"101":0,"102":0,"103":0,"104":0,"105":0,"106":0,"107":0,"108":0,"109":0,"110":0,"111":0,"112":0,"113":0,"114":0,"115":0,"116":0,"117":0,"118":0,"119":0,"120":0,"121":0,"122":0,"123":0,"124":0,"125":0,"126":0,"127":0,"128":0,"129":0,"130":0,"131":0,"132":0,"133":0},"f":{"0":0,"1":0,"2":0,"3":0,"4":0,"5":0,"6":0,"7":0,"8":0,"9":0,"10":0,"11":0,"12":0,"13":0,"14":0,"15":0,"16":0,"17":0,"18":0,"19":0,"20":0,"21":0,"22":0,"23":0,"24":0,"25":0,"26":0,"27":0,"28":0,"29":0,"30":0,"31":0,"32":0,"33":0,"34":0,"35":0,"36":0,"37":0,"38":0,"39":0,"40":0,"41":0,"42":0,"43":0,"44":0,"45":0,"46":0,"47":0,"48":0,"49":0,"50":0,"51":0,"52":0,"53":0,"54":0},"b":{"0":[0],"1":[0],"2":[0,0],"3":[0,0],"4":[0,0],"5":[0,0],"6":[0,0],"7":[0,0],"8":[0,0],"9":[0,0],"10":[0,0],"11":[0,0],"12":[0,0],"13":[0,0],"14":[0,0],"15":[0,0],"16":[0],"17":[0,0],"18":[0,0],"19":[0,0],"20":[0,0],"21":[0,0],"22":[0,0],"23":[0,0,0],"24":[0,0],"25":[0,0],"26":[0,0],"27":[0,0],"28":[0,0],"29":[0,0],"30":[0,0,0,0,0],"31":[0,0],"32":[0,0],"33":[0,0,0,0],"34":[0,0],"35":[0,0],"36":[0,0],"37":[0,0],"38":[0,0],"39":[0,0],"40":[0,0],"41":[0,0],"42":[0,0],"43":[0,0],"44":[0,0],"45":[0,0],"46":[0,0]}}
[...]
,"/home/__wassim1__/Desktop/e-market-api-front/src/pages/seller/tabs/ProductsTab.jsx": {"path":"/home/__wassim1__/Desktop/e-market-api-front/src/pages/seller/tabs/ProductsTab.jsx","statementMap":{"0":{"start":{"line":5,"column":20},"end":{"line":77,"column":1}},"1":{"start":{"line":17,"column":2},"end":{"line":76,"column":8}},"2":{"start":{"line":56,"column":12},"end":{"line":61,"column":14}}},"fnMap":{"0":{"name":"(anonymous_0)","decl":{"start":{"line":5,"column":20},"end":{"line":5,"column":21}},"loc":{"start":{"line":17,"column":2},"end":{"line":76,"column":8}},"line":17},"1":{"name":"(anonymous_1)","decl":{"start":{"line":55,"column":24},"end":{"line":55,"column":25}},"loc":{"start":{"line":56,"column":12},"end":{"line":61,"column":14}},"line":56}},"branchMap":{"0":{"loc":{"start":{"line":50,"column":5},"end":{"line":75,"column":5}},"type":"cond-expr","locations":[{"start":{"line":51,"column":6},"end":{"line":51,"column":31}},{"start":{"line":53,"column":6},"end":{"line":74,"column":9}}],"line":50},"1":{"loc":{"start":{"line":57,"column":19},"end":{"line":57,"column":44}},"type":"binary-expr","locations":[{"start":{"line":57,"column":19},"end":{"line":57,"column":30}},{"start":{"line":57,"column":34},"end":{"line":57,"column":44}}],"line":57},"2":{"loc":{"start":{"line":65,"column":9},"end":{"line":73,"column":9}},"type":"binary-expr","locations":[{"start":{"line":65,"column":9},"end":{"line":65,"column":42}},{"start":{"line":66,"column":10},"end":{"line":72,"column":12}}],"line":65},"3":{"loc":{"start":{"line":65,"column":10},"end":{"line":65,"column":37}},"type":"binary-expr","locations":[{"start":{"line":65,"column":10},"end":{"line":65,"column":32}},{"start":{"line":65,"column":36},"end":{"line":65,"column":37}}],"line":65},"4":{"loc":{"start":{"line":67,"column":25},"end":{"line":67,"column":53}},"type":"binary-expr","locations":[{"start":{"line":67,"column":25},"end":{"line":67,"column":48}},{"start":{"line":67,"column":52},"end":{"line":67,"column":53}}],"line":67},"5":{"loc":{"start":{"line":68,"column":24},"end":{"line":68,"column":51}},"type":"binary-expr","locations":[{"start":{"line":68,"column":24},"end":{"line":68,"column":46}},{"start":{"line":68,"column":50},"end":{"line":68,"column":51}}],"line":68},"6":{"loc":{"start":{"line":70,"column":22},"end":{"line":70,"column":50}},"type":"binary-expr","locations":[{"start":{"line":70,"column":22},"end":{"line":70,"column":45}},{"start":{"line":70,"column":49},"end":{"line":70,"column":50}}],"line":70},"7":{"loc":{"start":{"line":70,"column":55},"end":{"line":70,"column":82}},"type":"binary-expr","locations":[{"start":{"line":70,"column":55},"end":{"line":70,"column":77}},{"start":{"line":70,"column":81},"end":{"line":70,"column":82}}],"line":70},"8":{"loc":{"start":{"line":71,"column":22},"end":{"line":71,"column":50}},"type":"binary-expr","locations":[{"start":{"line":71,"column":22},"end":{"line":71,"column":45}},{"start":{"line":71,"column":49},"end":{"line":71,"column":50}}],"line":71}},"s":{"0":0,"1":0,"2":0},"f":{"0":0,"1":0},"b":{"0":[0,0],"1":[0,0],"2":[0,0],"3":[0,0],"4":[0,0],"5":[0,0],"6":[0,0],"7":[0,0],"8":[0,0]}}
,"/home/__wassim1__/Desktop/e-market-api-front/src/pages/seller/utils/analytics.js": {"path":"/home/__wassim1__/Desktop/e-market-api-front/src/pages/seller/utils/analytics.js","statementMap":{"0":{"start":{"line":1,"column":39},"end":{"line":17,"column":1}},"1":{"start":{"line":2,"column":22},"end":{"line":2,"column":24}},"2":{"start":{"line":4,"column":2},"end":{"line":14,"column":5}},"3":{"start":{"line":5,"column":17},"end":{"line":5,"column":42}},"4":{"start":{"line":6,"column":21},"end":{"line":6,"column":92}},"5":{"start":{"line":7,"column":22},"end":{"line":7,"column":74}},"6":{"start":{"line":9,"column":4},"end":{"line":11,"column":5}},"7":{"start":{"line":10,"column":6},"end":{"line":10,"column":63}},"8":{"start":{"line":13,"column":4},"end":{"line":13,"column":59}},"9":{"start":{"line":16,"column":2},"end":{"line":16,"column":46}},"10":{"start":{"line":19,"column":36},"end":{"line":50,"column":1}},"11":{"start":{"line":20,"column":23},"end":{"line":20,"column":25}},"12":{"start":{"line":22,"column":2},"end":{"line":39,"column":5}},"13":{"start":{"line":23,"column":4},"end":{"line":38,"column":7}},"14":{"start":{"line":24,"column":24},"end":{"line":24,"column":61}},"15":{"start":{"line":25,"column":27},"end":{"line":25,"column":68}},"16":{"start":{"line":27,"column":6},"end":{"line":34,"column":7}},"17":{"start":{"line":28,"column":8},"end":{"line":33,"column":10}},"18":{"start":{"line":36,"column":6},"end":{"line":36,"column":56}},"19":{"start":{"line":37,"column":6},"end":{"line":37,"column":82}},"20":{"start":{"line":41,"column":26},"end":{"line":47,"column":4}},"21":{"start":{"line":42,"column":20},"end":{"line":42,"column":72}},"22":{"start":{"line":42,"column":44},"end":{"line":42,"column":71}},"23":{"start":{"line":43,"column":4},"end":{"line":46,"column":6}},"24":{"start":{"line":49,"column":2},"end":{"line":49,"column":77}},"25":{"start":{"line":49,"column":40},"end":{"line":49,"column":63}},"26":{"start":{"line":52,"column":30},"end":{"line":61,"column":1}},"27":{"start":{"line":53,"column":17},"end":{"line":59,"column":3}},"28":{"start":{"line":60,"column":2},"end":{"line":60,"column":55}}},"fnMap":{"0":{"name":"(anonymous_0)","decl":{"start":{"line":1,"column":39},"end":{"line":1,"column":40}},"loc":{"start":{"line":1,"column":51},"end":{"line":17,"column":1}},"line":1},"1":{"name":"(anonymous_1)","decl":{"start":{"line":4,"column":17},"end":{"line":4,"column":18}},"loc":{"start":{"line":4,"column":28},"end":{"line":14,"column":3}},"line":4},"2":{"name":"(anonymous_2)","decl":{"start":{"line":19,"column":36},"end":{"line":19,"column":37}},"loc":{"start":{"line":19,"column":61},"end":{"line":50,"column":1}},"line":19},"3":{"name":"(anonymous_3)","decl":{"start":{"line":22,"column":17},"end":{"line":22,"column":18}},"loc":{"start":{"line":22,"column":28},"end":{"line":39,"column":3}},"line":22},"4":{"name":"(anonymous_4)","decl":{"start":{"line":23,"column":25},"end":{"line":23,"column":26}},"loc":{"start":{"line":23,"column":35},"end":{"line":38,"column":5}},"line":23},"5":{"name":"(anonymous_5)","decl":{"start":{"line":41,"column":58},"end":{"line":41,"column":59}},"loc":{"start":{"line":41,"column":68},"end":{"line":47,"column":3}},"line":41},"6":{"name":"(anonymous_6)","decl":{"start":{"line":42,"column":37},"end":{"line":42,"column":38}},"loc":{"start":{"line":42,"column":44},"end":{"line":42,"column":71}},"line":42},"7":{"name":"(anonymous_7)","decl":{"start":{"line":49,"column":30},"end":{"line":49,"column":31}},"loc":{"start":{"line":49,"column":40},"end":{"line":49,"column":63}},"line":49},"8":{"name":"(anonymous_8)","decl":{"start":{"line":52,"column":30},"end":{"line":52,"column":31}},"loc":{"start":{"line":52,"column":42},"end":{"line":61,"column":1}},"line":52}},"branchMap":{"0":{"loc":{"start":{"line":9,"column":4},"end":{"line":11,"column":5}},"type":"if","locations":[{"start":{"line":9,"column":4},"end":{"line":11,"column":5}},{"start":{},"end":{}}],"line":9},"1":{"loc":{"start":{"line":13,"column":37},"end":{"line":13,"column":58}},"type":"binary-expr","locations":[{"start":{"line":13,"column":37},"end":{"line":13,"column":53}},{"start":{"line":13,"column":57},"end":{"line":13,"column":58}}],"line":13},"2":{"loc":{"start":{"line":24,"column":24},"end":{"line":24,"column":61}},"type":"binary-expr","locations":[{"start":{"line":24,"column":24},"end":{"line":24,"column":43}},{"start":{"line":24,"column":47},"end":{"line":24,"column":61}}],"line":24},"3":{"loc":{"start":{"line":25,"column":27},"end":{"line":25,"column":68}},"type":"binary-expr","locations":[{"start":{"line":25,"column":27},"end":{"line":25,"column":48}},{"start":{"line":25,"column":52},"end":{"line":25,"column":68}}],"line":25},"4":{"loc":{"start":{"line":27,"column":6},"end":{"line":34,"column":7}},"type":"if","locations":[{"start":{"line":27,"column":6},"end":{"line":34,"column":7}},{"start":{},"end":{}}],"line":27},"5":{"loc":{"start":{"line":37,"column":41},"end":{"line":37,"column":81}},"type":"binary-expr","locations":[{"start":{"line":37,"column":41},"end":{"line":37,"column":51}},{"start":{"line":37,"column":55},"end":{"line":37,"column":81}}],"line":37},"6":{"loc":{"start":{"line":42,"column":45},"end":{"line":42,"column":58}},"type":"binary-expr","locations":[{"start":{"line":42,"column":45},"end":{"line":42,"column":50}},{"start":{"line":42,"column":54},"end":{"line":42,"column":58}}],"line":42},"7":{"loc":{"start":{"line":45,"column":14},"end":{"line":45,"column":35}},"type":"binary-expr","locations":[{"start":{"line":45,"column":14},"end":{"line":45,"column":29}},{"start":{"line":45,"column":33},"end":{"line":45,"column":35}}],"line":45},"8":{"loc":{"start":{"line":60,"column":9},"end":{"line":60,"column":54}},"type":"binary-expr","locations":[{"start":{"line":60,"column":9},"end":{"line":60,"column":23}},{"start":{"line":60,"column":27},"end":{"line":60,"column":54}}],"line":60}},"s":{"0":0,"1":0,"2":0,"3":0,"4":0,"5":0,"6":0,"7":0,"8":0,"9":0,"10":0,"11":0,"12":0,"13":0,"14":0,"15":0,"16":0,"17":0,"18":0,"19":0,"20":0,"21":0,"22":0,"23":0,"24":0,"25":0,"26":0,"27":0,"28":0},"f":{"0":0,"1":0,"2":0,"3":0,"4":0,"5":0,"6":0,"7":0,"8":0},"b":{"0":[0,0],"1":[0,0],"2":[0,0],"3":[0,0],"4":[0,0],"5":[0,0],"6":[0,0],"7":[0,0],"8":[0,0]}}
,"/home/__wassim1__/Desktop/e-market-api-front/src/service/cartService.js": {"path":"/home/__wassim1__/Desktop/e-market-api-front/src/service/cartService.js","statementMap":{"0":{"start":{"line":3,"column":21},"end":{"line":7,"column":1}},"1":{"start":{"line":4,"column":14},"end":{"line":4,"column":48}},"2":{"start":{"line":6,"column":2},"end":{"line":6,"column":32}}},"fnMap":{"0":{"name":"(anonymous_0)","decl":{"start":{"line":3,"column":21},"end":{"line":3,"column":22}},"loc":{"start":{"line":3,"column":33},"end":{"line":7,"column":1}},"line":3}},"branchMap":{},"s":{"0":0,"1":0,"2":0},"f":{"0":0},"b":{}}
,"/home/__wassim1__/Desktop/e-market-api-front/src/service/categoryService.js": {"path":"/home/__wassim1__/Desktop/e-market-api-front/src/service/categoryService.js","statementMap":{"0":{"start":{"line":3,"column":24},"end":{"line":24,"column":1}},"1":{"start":{"line":6,"column":16},"end":{"line":6,"column":46}},"2":{"start":{"line":7,"column":4},"end":{"line":7,"column":20}},"3":{"start":{"line":11,"column":16},"end":{"line":11,"column":60}},"4":{"start":{"line":12,"column":4},"end":{"line":12,"column":20}},"5":{"start":{"line":16,"column":16},"end":{"line":16,"column":65}},"6":{"start":{"line":17,"column":4},"end":{"line":17,"column":20}},"7":{"start":{"line":21,"column":16},"end":{"line":21,"column":62}},"8":{"start":{"line":22,"column":4},"end":{"line":22,"column":20}}},"fnMap":{"0":{"name":"(anonymous_0)","decl":{"start":{"line":5,"column":20},"end":{"line":5,"column":21}},"loc":{"start":{"line":5,"column":32},"end":{"line":8,"column":3}},"line":5},"1":{"name":"(anonymous_1)","decl":{"start":{"line":10,"column":18},"end":{"line":10,"column":19}},"loc":{"start":{"line":10,"column":34},"end":{"line":13,"column":3}},"line":10},"2":{"name":"(anonymous_2)","decl":{"start":{"line":15,"column":18},"end":{"line":15,"column":19}},"loc":{"start":{"line":15,"column":38},"end":{"line":18,"column":3}},"line":15},"3":{"name":"(anonymous_3)","decl":{"start":{"line":20,"column":18},"end":{"line":20,"column":19}},"loc":{"start":{"line":20,"column":32},"end":{"line":23,"column":3}},"line":20}},"branchMap":{},"s":{"0":0,"1":0,"2":0,"3":0,"4":0,"5":0,"6":0,"7":0,"8":0},"f":{"0":0,"1":0,"2":0,"3":0},"b":{}}
,"/home/__wassim1__/Desktop/e-market-api-front/src/service/reviewService.js": {"path":"/home/__wassim1__/Desktop/e-market-api-front/src/service/reviewService.js","statementMap":{"0":{"start":{"line":3,"column":22},"end":{"line":15,"column":1}},"1":{"start":{"line":6,"column":16},"end":{"line":6,"column":77}},"2":{"start":{"line":7,"column":4},"end":{"line":7,"column":20}},"3":{"start":{"line":12,"column":16},"end":{"line":12,"column":77}},"4":{"start":{"line":13,"column":4},"end":{"line":13,"column":20}}},"fnMap":{"0":{"name":"(anonymous_0)","decl":{"start":{"line":5,"column":14},"end":{"line":5,"column":15}},"loc":{"start":{"line":5,"column":45},"end":{"line":8,"column":3}},"line":5},"1":{"name":"(anonymous_1)","decl":{"start":{"line":11,"column":16},"end":{"line":11,"column":17}},"loc":{"start":{"line":11,"column":47},"end":{"line":14,"column":3}},"line":11}},"branchMap":{"0":{"loc":{"start":{"line":5,"column":21},"end":{"line":5,"column":29}},"type":"default-arg","locations":[{"start":{"line":5,"column":28},"end":{"line":5,"column":29}}],"line":5},"1":{"loc":{"start":{"line":5,"column":31},"end":{"line":5,"column":40}},"type":"default-arg","locations":[{"start":{"line":5,"column":39},"end":{"line":5,"column":40}}],"line":5}},"s":{"0":0,"1":0,"2":0,"3":0,"4":0},"f":{"0":0,"1":0},"b":{"0":[0],"1":[0]}}
,"/home/__wassim1__/Desktop/e-market-api-front/src/service/sellerService.js": {"path":"/home/__wassim1__/Desktop/e-market-api-front/src/service/sellerService.js","statementMap":{"0":{"start":{"line":3,"column":29},"end":{"line":25,"column":1}},"1":{"start":{"line":5,"column":16},"end":{"line":5,"column":80}},"2":{"start":{"line":6,"column":4},"end":{"line":6,"column":20}},"3":{"start":{"line":10,"column":16},"end":{"line":10,"column":48}},"4":{"start":{"line":11,"column":4},"end":{"line":11,"column":25}},"5":{"start":{"line":15,"column":19},"end":{"line":15,"column":34}},"6":{"start":{"line":16,"column":4},"end":{"line":16,"column":39}},"7":{"start":{"line":16,"column":16},"end":{"line":16,"column":39}},"8":{"start":{"line":17,"column":16},"end":{"line":17,"column":61}},"9":{"start":{"line":18,"column":4},"end":{"line":18,"column":20}},"10":{"start":{"line":22,"column":16},"end":{"line":22,"column":78}},"11":{"start":{"line":23,"column":4},"end":{"line":23,"column":20}}},"fnMap":{"0":{"name":"(anonymous_0)","decl":{"start":{"line":4,"column":15},"end":{"line":4,"column":16}},"loc":{"start":{"line":4,"column":56},"end":{"line":7,"column":3}},"line":4},"1":{"name":"(anonymous_1)","decl":{"start":{"line":9,"column":12},"end":{"line":9,"column":13}},"loc":{"start":{"line":9,"column":24},"end":{"line":12,"column":3}},"line":9},"2":{"name":"(anonymous_2)","decl":{"start":{"line":14,"column":13},"end":{"line":14,"column":14}},"loc":{"start":{"line":14,"column":62},"end":{"line":19,"column":3}},"line":14},"3":{"name":"(anonymous_3)","decl":{"start":{"line":21,"column":21},"end":{"line":21,"column":22}},"loc":{"start":{"line":21,"column":52},"end":{"line":24,"column":3}},"line":21}},"branchMap":{"0":{"loc":{"start":{"line":4,"column":22},"end":{"line":4,"column":51}},"type":"default-arg","locations":[{"start":{"line":4,"column":49},"end":{"line":4,"column":51}}],"line":4},"1":{"loc":{"start":{"line":4,"column":24},"end":{"line":4,"column":32}},"type":"default-arg","locations":[{"start":{"line":4,"column":31},"end":{"line":4,"column":32}}],"line":4},"2":{"loc":{"start":{"line":4,"column":34},"end":{"line":4,"column":44}},"type":"default-arg","locations":[{"start":{"line":4,"column":42},"end":{"line":4,"column":44}}],"line":4},"3":{"loc":{"start":{"line":14,"column":22},"end":{"line":14,"column":30}},"type":"default-arg","locations":[{"start":{"line":14,"column":29},"end":{"line":14,"column":30}}],"line":14},"4":{"loc":{"start":{"line":14,"column":32},"end":{"line":14,"column":42}},"type":"default-arg","locations":[{"start":{"line":14,"column":40},"end":{"line":14,"column":42}}],"line":14},"5":{"loc":{"start":{"line":14,"column":44},"end":{"line":14,"column":55}},"type":"default-arg","locations":[{"start":{"line":14,"column":53},"end":{"line":14,"column":55}}],"line":14},"6":{"loc":{"start":{"line":16,"column":4},"end":{"line":16,"column":39}},"type":"if","locations":[{"start":{"line":16,"column":4},"end":{"line":16,"column":39}},{"start":{},"end":{}}],"line":16}},"s":{"0":0,"1":0,"2":0,"3":0,"4":0,"5":0,"6":0,"7":0,"8":0,"9":0,"10":0,"11":0},"f":{"0":0,"1":0,"2":0,"3":0},"b":{"0":[0],"1":[0],"2":[0],"3":[0],"4":[0],"5":[0],"6":[0,0]}}
,"/home/__wassim1__/Desktop/e-market-api-front/src/service/userService.js": {"path":"/home/__wassim1__/Desktop/e-market-api-front/src/service/userService.js","statementMap":{"0":{"start":{"line":3,"column":20},"end":{"line":15,"column":1}},"1":{"start":{"line":6,"column":16},"end":{"line":6,"column":69}},"2":{"start":{"line":8,"column":4},"end":{"line":8,"column":20}},"3":{"start":{"line":12,"column":16},"end":{"line":12,"column":57}},"4":{"start":{"line":13,"column":4},"end":{"line":13,"column":20}}},"fnMap":{"0":{"name":"(anonymous_0)","decl":{"start":{"line":5,"column":15},"end":{"line":5,"column":16}},"loc":{"start":{"line":5,"column":47},"end":{"line":9,"column":3}},"line":5},"1":{"name":"(anonymous_1)","decl":{"start":{"line":11,"column":14},"end":{"line":11,"column":15}},"loc":{"start":{"line":11,"column":28},"end":{"line":14,"column":3}},"line":11}},"branchMap":{"0":{"loc":{"start":{"line":5,"column":22},"end":{"line":5,"column":30}},"type":"default-arg","locations":[{"start":{"line":5,"column":29},"end":{"line":5,"column":30}}],"line":5},"1":{"loc":{"start":{"line":5,"column":32},"end":{"line":5,"column":42}},"type":"default-arg","locations":[{"start":{"line":5,"column":40},"end":{"line":5,"column":42}}],"line":5}},"s":{"0":0,"1":0,"2":0,"3":0,"4":0},"f":{"0":0,"1":0},"b":{"0":[0],"1":[0]}}
,"/home/__wassim1__/Desktop/e-market-api-front/src/utils/imageHelper.js": {"path":"/home/__wassim1__/Desktop/e-market-api-front/src/utils/imageHelper.js","statementMap":{"0":{"start":{"line":1,"column":27},"end":{"line":8,"column":1}},"1":{"start":{"line":2,"column":2},"end":{"line":2,"column":27}},"2":{"start":{"line":2,"column":17},"end":{"line":2,"column":27}},"3":{"start":{"line":3,"column":2},"end":{"line":3,"column":51}},"4":{"start":{"line":3,"column":35},"end":{"line":3,"column":51}},"5":{"start":{"line":4,"column":2},"end":{"line":6,"column":3}},"6":{"start":{"line":5,"column":4},"end":{"line":5,"column":33}},"7":{"start":{"line":7,"column":2},"end":{"line":7,"column":107}}},"fnMap":{"0":{"name":"(anonymous_0)","decl":{"start":{"line":1,"column":27},"end":{"line":1,"column":28}},"loc":{"start":{"line":1,"column":41},"end":{"line":8,"column":1}},"line":1}},"branchMap":{"0":{"loc":{"start":{"line":2,"column":2},"end":{"line":2,"column":27}},"type":"if","locations":[{"start":{"line":2,"column":2},"end":{"line":2,"column":27}},{"start":{},"end":{}}],"line":2},"1":{"loc":{"start":{"line":3,"column":2},"end":{"line":3,"column":51}},"type":"if","locations":[{"start":{"line":3,"column":2},"end":{"line":3,"column":51}},{"start":{},"end":{}}],"line":3},"2":{"loc":{"start":{"line":4,"column":2},"end":{"line":6,"column":3}},"type":"if","locations":[{"start":{"line":4,"column":2},"end":{"line":6,"column":3}},{"start":{},"end":{}}],"line":4},"3":{"loc":{"start":{"line":7,"column":58},"end":{"line":7,"column":93}},"type":"cond-expr","locations":[{"start":{"line":7,"column":85},"end":{"line":7,"column":87}},{"start":{"line":7,"column":90},"end":{"line":7,"column":93}}],"line":7}},"s":{"0":0,"1":0,"2":0,"3":0,"4":0,"5":0,"6":0,"7":0},"f":{"0":0},"b":{"0":[0,0],"1":[0,0],"2":[0,0],"3":[0,0]}}
,"/home/__wassim1__/Desktop/e-market-api-front/src/validation/authValidation.js": {"path":"/home/__wassim1__/Desktop/e-market-api-front/src/validation/authValidation.js","statementMap":{"0":{"start":{"line":4,"column":27},"end":{"line":10,"column":2}},"1":{"start":{"line":13,"column":30},"end":{"line":32,"column":2}}},"fnMap":{},"branchMap":{},"s":{"0":2,"1":2},"f":{},"b":{},"_coverageSchema":"1a1c01bbd47fc00a2c39e90264f33305004495a9","hash":"a4a3c98865e4b346341f80724272ffdbf950f322"}
}
