TN:
SF:src/App.jsx
FN:12,(anonymous_0)
FN:13,(anonymous_1)
FN:14,(anonymous_2)
FN:15,(anonymous_3)
FN:16,(anonymous_4)
FN:17,(anonymous_5)
FN:18,(anonymous_6)
FN:19,(anonymous_7)
FN:20,(anonymous_8)
FN:21,(anonymous_9)
FN:22,(anonymous_10)
FN:23,(anonymous_11)
FN:24,(anonymous_12)
FN:25,(anonymous_13)
FN:26,(anonymous_14)
FN:27,(anonymous_15)
FN:28,(anonymous_16)
FN:29,(anonymous_17)
FN:30,(anonymous_18)
FN:31,(anonymous_19)
FN:34,(anonymous_20)
FN:63,(anonymous_21)
FNF:22
FNH:0
FNDA:0,(anonymous_0)
FNDA:0,(anonymous_1)
FNDA:0,(anonymous_2)
FNDA:0,(anonymous_3)
FNDA:0,(anonymous_4)
FNDA:0,(anonymous_5)
FNDA:0,(anonymous_6)
FNDA:0,(anonymous_7)
FNDA:0,(anonymous_8)
FNDA:0,(anonymous_9)
FNDA:0,(anonymous_10)
FNDA:0,(anonymous_11)
FNDA:0,(anonymous_12)
FNDA:0,(anonymous_13)
FNDA:0,(anonymous_14)
FNDA:0,(anonymous_15)
FNDA:0,(anonymous_16)
FNDA:0,(anonymous_17)
FNDA:0,(anonymous_18)
FNDA:0,(anonymous_19)
FNDA:0,(anonymous_20)
FNDA:0,(anonymous_21)
DA:12,0
DA:13,0
DA:14,0
DA:15,0
DA:16,0
DA:17,0
DA:18,0
DA:19,0
DA:20,0
DA:21,0
DA:22,0
DA:23,0
DA:24,0
DA:25,0
DA:26,0
DA:27,0
DA:28,0
DA:29,0
DA:30,0
DA:31,0
DA:34,0
DA:35,0
DA:44,0
DA:45,0
DA:48,0
DA:63,0
DA:64,0
LF:27
LH:0
BRF:0
BRH:0
end_of_record
TN:
SF:src/app/store.js
FNF:0
FNH:0
DA:9,0
LF:1
LH:0
BRF:0
BRH:0
end_of_record
TN:
SF:src/components/Footer.jsx
FN:4,(anonymous_0)
FNF:1
FNH:1
FNDA:12,(anonymous_0)
DA:4,2
DA:5,12
LF:2
LH:2
BRF:0
BRH:0
end_of_record
TN:
SF:src/components/Header.jsx
FN:9,(anonymous_0)
FN:11,(anonymous_1)
FN:18,(anonymous_2)
FN:24,(anonymous_3)
FN:25,(anonymous_4)
FN:29,(anonymous_5)
FN:72,(anonymous_6)
FN:112,(anonymous_7)
FN:134,(anonymous_8)
FN:141,(anonymous_9)
FN:153,(anonymous_10)
FN:160,(anonymous_11)
FN:170,(anonymous_12)
FN:173,(anonymous_13)
FN:189,(anonymous_14)
FN:320,(anonymous_15)
FN:324,(anonymous_16)
FNF:17
FNH:8
FNDA:18,(anonymous_0)
FNDA:25,(anonymous_1)
FNDA:18,(anonymous_2)
FNDA:12,(anonymous_3)
FNDA:0,(anonymous_4)
FNDA:12,(anonymous_5)
FNDA:72,(anonymous_6)
FNDA:5,(anonymous_7)
FNDA:0,(anonymous_8)
FNDA:0,(anonymous_9)
FNDA:0,(anonymous_10)
FNDA:0,(anonymous_11)
FNDA:0,(anonymous_12)
FNDA:0,(anonymous_13)
FNDA:5,(anonymous_14)
FNDA:0,(anonymous_15)
FNDA:0,(anonymous_16)
DA:9,2
DA:10,18
DA:11,25
DA:12,18
DA:13,18
DA:14,18
DA:15,18
DA:16,18
DA:18,18
DA:19,18
DA:20,5
DA:24,18
DA:25,12
DA:26,0
DA:28,12
DA:29,12
DA:32,18
DA:39,18
DA:41,18
DA:73,72
DA:113,5
DA:135,0
DA:136,0
DA:141,0
DA:154,0
DA:155,0
DA:160,0
DA:171,0
DA:172,0
DA:173,0
DA:189,5
DA:321,0
DA:324,0
LF:33
LH:21
BRDA:12,0,0,16
BRDA:12,0,1,2
BRDA:19,1,0,5
BRDA:19,1,1,13
BRDA:44,2,0,18
BRDA:44,2,1,0
BRDA:46,3,0,0
BRDA:46,3,1,18
BRDA:46,4,0,18
BRDA:46,4,1,0
BRDA:56,5,0,18
BRDA:56,5,1,0
BRDA:60,6,0,18
BRDA:60,6,1,0
BRDA:77,7,0,18
BRDA:77,7,1,54
BRDA:87,8,0,5
BRDA:87,8,1,13
BRDA:92,9,0,5
BRDA:92,9,1,5
BRDA:101,10,0,0
BRDA:101,10,1,5
BRDA:114,11,0,5
BRDA:114,11,1,5
BRDA:119,12,0,0
BRDA:119,12,1,5
BRDA:121,13,0,5
BRDA:121,13,1,5
BRDA:123,14,0,5
BRDA:123,14,1,0
BRDA:128,15,0,5
BRDA:128,15,1,0
BRDA:221,16,0,5
BRDA:221,16,1,0
BRDA:230,17,0,5
BRDA:230,17,1,0
BRDA:239,18,0,5
BRDA:239,18,1,0
BRDA:313,19,0,18
BRDA:313,19,1,0
BRDA:316,20,0,0
BRDA:316,20,1,0
BRDA:326,21,0,0
BRDA:326,21,1,0
BRDA:327,22,0,0
BRDA:327,22,1,0
BRDA:330,23,0,0
BRDA:330,23,1,0
BRF:48
BRH:27
end_of_record
TN:
SF:src/components/LazyImage.jsx
FN:12,(anonymous_0)
FN:15,(anonymous_1)
FN:17,(anonymous_2)
FN:23,(anonymous_3)
FN:28,(anonymous_4)
FNF:5
FNH:0
FNDA:0,(anonymous_0)
FNDA:0,(anonymous_1)
FNDA:0,(anonymous_2)
FNDA:0,(anonymous_3)
FNDA:0,(anonymous_4)
DA:12,0
DA:13,0
DA:14,0
DA:15,0
DA:17,0
DA:19,0
DA:20,0
DA:23,0
DA:24,0
DA:25,0
DA:28,0
DA:29,0
DA:30,0
DA:33,0
DA:34,0
DA:44,0
LF:16
LH:0
BRDA:12,0,0,0
BRDA:12,1,0,0
BRDA:25,2,0,0
BRDA:25,2,1,0
BRDA:30,3,0,0
BRDA:30,3,1,0
BRDA:33,4,0,0
BRDA:33,4,1,0
BRDA:47,5,0,0
BRDA:47,5,1,0
BRDA:65,6,0,0
BRDA:65,6,1,0
BRF:12
BRH:0
end_of_record
TN:
SF:src/components/OrderDetailsModal.jsx
FN:4,(anonymous_0)
FN:5,(anonymous_1)
FN:7,(anonymous_2)
FN:14,(anonymous_3)
FN:38,(anonymous_4)
FN:71,(anonymous_5)
FNF:6
FNH:6
FNDA:19,(anonymous_0)
FNDA:19,(anonymous_1)
FNDA:19,(anonymous_2)
FNDA:18,(anonymous_3)
FNDA:2,(anonymous_4)
FNDA:34,(anonymous_5)
DA:4,1
DA:5,19
DA:6,19
DA:7,19
DA:8,19
DA:12,19
DA:14,18
DA:15,18
DA:17,14
DA:19,1
DA:21,1
DA:23,1
DA:25,1
DA:27,0
DA:31,18
DA:38,2
DA:72,34
LF:17
LH:16
BRDA:12,0,0,1
BRDA:12,0,1,18
BRDA:15,1,0,14
BRDA:15,1,1,1
BRDA:15,1,2,1
BRDA:15,1,3,1
BRDA:15,1,4,1
BRDA:15,1,5,0
BRDA:78,2,0,0
BRDA:78,2,1,34
BRF:10
BRH:8
end_of_record
TN:
SF:src/components/Pagination.jsx
FN:5,(anonymous_0)
FN:10,(anonymous_1)
FN:18,(anonymous_2)
FN:32,(anonymous_3)
FN:46,(anonymous_4)
FN:56,(anonymous_5)
FNF:6
FNH:6
FNDA:24,(anonymous_0)
FNDA:4,(anonymous_1)
FNDA:24,(anonymous_2)
FNDA:2,(anonymous_3)
FNDA:1,(anonymous_4)
FNDA:1,(anonymous_5)
DA:5,2
DA:6,24
DA:7,24
DA:9,24
DA:11,4
DA:12,3
DA:18,24
DA:19,24
DA:20,24
DA:21,24
DA:22,24
DA:24,24
DA:25,12
DA:28,24
DA:29,76
DA:32,2
DA:40,24
DA:43,24
DA:46,1
DA:56,1
LF:20
LH:20
BRDA:11,0,0,3
BRDA:11,0,1,1
BRDA:11,1,0,4
BRDA:11,1,1,3
BRDA:11,1,2,3
BRDA:24,2,0,12
BRDA:24,2,1,12
BRDA:33,3,0,24
BRDA:33,3,1,52
BRF:9
BRH:9
end_of_record
TN:
SF:src/components/PaymentModal.jsx
FN:6,(anonymous_0)
FN:12,(anonymous_1)
FN:17,(anonymous_2)
FN:21,(anonymous_3)
FN:28,(anonymous_4)
FN:35,(anonymous_5)
FN:44,(anonymous_6)
FN:50,(anonymous_7)
FN:58,(anonymous_8)
FN:60,(anonymous_9)
FN:161,(anonymous_10)
FNF:11
FNH:10
FNDA:116,(anonymous_0)
FNDA:13,(anonymous_1)
FNDA:6,(anonymous_2)
FNDA:5,(anonymous_3)
FNDA:13,(anonymous_4)
FNDA:5,(anonymous_5)
FNDA:1,(anonymous_6)
FNDA:50,(anonymous_7)
FNDA:95,(anonymous_8)
FNDA:0,(anonymous_9)
FNDA:1,(anonymous_10)
DA:6,3
DA:7,116
DA:8,116
DA:9,116
DA:11,116
DA:13,13
DA:14,13
DA:15,6
DA:18,6
DA:19,6
DA:22,5
DA:23,5
DA:24,5
DA:28,116
DA:29,13
DA:31,13
DA:32,13
DA:35,6
DA:36,5
DA:40,5
DA:44,116
DA:45,1
DA:46,1
DA:47,1
DA:50,116
DA:51,50
DA:53,19
DA:54,19
DA:58,116
DA:59,95
DA:60,2
DA:61,0
DA:62,0
DA:67,116
DA:69,60
DA:161,1
LF:36
LH:34
BRDA:13,0,0,1
BRDA:13,0,1,12
BRDA:22,1,0,5
BRDA:22,1,1,1
BRDA:51,2,0,19
BRDA:51,2,1,31
BRDA:59,3,0,2
BRDA:59,3,1,93
BRDA:61,4,0,0
BRDA:61,4,1,0
BRDA:67,5,0,56
BRDA:67,5,1,60
BRDA:72,6,0,60
BRDA:72,6,1,20
BRDA:103,7,0,60
BRDA:103,7,1,32
BRDA:111,8,0,60
BRDA:111,8,1,2
BRDA:133,9,0,60
BRDA:133,9,1,6
BRF:20
BRH:18
end_of_record
TN:
SF:src/contexts/AuthContext.jsx
FN:10,(anonymous_0)
FN:18,(anonymous_1)
FN:23,(anonymous_2)
FN:25,(anonymous_3)
FN:39,(anonymous_4)
FN:54,(anonymous_5)
FN:59,(anonymous_6)
FN:71,(anonymous_7)
FN:81,(anonymous_8)
FN:82,(anonymous_9)
FNF:10
FNH:10
FNDA:200,(anonymous_0)
FNDA:217,(anonymous_1)
FNDA:447,(anonymous_2)
FNDA:230,(anonymous_3)
FNDA:11,(anonymous_4)
FNDA:7,(anonymous_5)
FNDA:4,(anonymous_6)
FNDA:14,(anonymous_7)
FNDA:148,(anonymous_8)
FNDA:148,(anonymous_9)
DA:8,4
DA:10,4
DA:11,200
DA:12,200
DA:13,0
DA:15,200
DA:18,4
DA:19,217
DA:20,217
DA:21,217
DA:23,447
DA:25,217
DA:26,230
DA:27,230
DA:29,16
DA:30,16
DA:31,12
DA:32,12
DA:34,4
DA:35,4
DA:39,217
DA:40,11
DA:41,8
DA:43,8
DA:50,8
DA:51,8
DA:54,217
DA:55,7
DA:56,3
DA:59,217
DA:60,4
DA:61,4
DA:65,4
DA:66,4
DA:67,4
DA:71,217
DA:72,14
DA:73,14
DA:74,12
DA:75,12
DA:77,1
DA:81,217
DA:82,148
DA:83,148
DA:84,4
DA:86,147
DA:88,148
DA:91,217
DA:102,217
LF:49
LH:48
BRDA:12,0,0,0
BRDA:12,0,1,200
BRDA:27,1,0,214
BRDA:27,1,1,16
BRDA:83,2,0,4
BRDA:83,2,1,144
BRF:6
BRH:5
end_of_record
TN:
SF:src/features/cartSlice.js
FN:6,(anonymous_0)
FN:17,(anonymous_1)
FN:29,(anonymous_2)
FN:42,(anonymous_3)
FN:58,(anonymous_4)
FN:64,(anonymous_5)
FN:67,(anonymous_6)
FN:71,(anonymous_7)
FN:84,(anonymous_8)
FN:90,(anonymous_9)
FN:94,(anonymous_10)
FN:100,(anonymous_11)
FN:106,(anonymous_12)
FN:108,(anonymous_13)
FN:112,(anonymous_14)
FN:115,(anonymous_15)
FN:119,(anonymous_16)
FN:125,(anonymous_17)
FN:135,(anonymous_18)
FN:138,(anonymous_19)
FN:143,(anonymous_20)
FNF:21
FNH:16
FNDA:6,(anonymous_0)
FNDA:3,(anonymous_1)
FNDA:5,(anonymous_2)
FNDA:5,(anonymous_3)
FNDA:1,(anonymous_4)
FNDA:4,(anonymous_5)
FNDA:4,(anonymous_6)
FNDA:2,(anonymous_7)
FNDA:2,(anonymous_8)
FNDA:3,(anonymous_9)
FNDA:3,(anonymous_10)
FNDA:0,(anonymous_11)
FNDA:4,(anonymous_12)
FNDA:0,(anonymous_13)
FNDA:5,(anonymous_14)
FNDA:4,(anonymous_15)
FNDA:0,(anonymous_16)
FNDA:1,(anonymous_17)
FNDA:0,(anonymous_18)
FNDA:0,(anonymous_19)
FNDA:24,(anonymous_20)
DA:4,6
DA:7,6
DA:8,6
DA:10,3
DA:12,3
DA:17,6
DA:18,3
DA:19,3
DA:21,3
DA:23,0
DA:27,6
DA:30,5
DA:31,5
DA:33,4
DA:35,1
DA:40,6
DA:43,5
DA:44,5
DA:47,4
DA:49,1
DA:54,6
DA:59,1
DA:60,1
DA:65,4
DA:68,4
DA:69,4
DA:72,2
DA:74,2
DA:75,0
DA:76,2
DA:77,2
DA:80,0
DA:82,2
DA:85,2
DA:86,2
DA:91,3
DA:92,3
DA:95,3
DA:96,3
DA:97,3
DA:98,3
DA:101,0
DA:102,0
DA:107,4
DA:108,0
DA:113,5
DA:116,4
DA:117,4
DA:118,4
DA:119,0
DA:120,0
DA:121,0
DA:126,1
DA:127,1
DA:132,6
DA:135,6
DA:136,0
DA:137,0
DA:138,0
DA:140,0
DA:143,24
LF:61
LH:48
BRDA:12,0,0,3
BRDA:12,0,1,0
BRDA:23,1,0,0
BRDA:23,1,1,0
BRDA:35,2,0,1
BRDA:35,2,1,0
BRDA:49,3,0,1
BRDA:49,3,1,0
BRDA:74,4,0,0
BRDA:74,4,1,2
BRDA:76,5,0,2
BRDA:76,5,1,0
BRDA:76,6,0,2
BRDA:76,6,1,2
BRDA:80,7,0,0
BRDA:80,7,1,0
BRDA:107,8,0,0
BRDA:107,8,1,4
BRDA:118,9,0,0
BRDA:118,9,1,4
BRDA:120,10,0,0
BRDA:120,10,1,0
BRDA:137,11,0,0
BRDA:137,11,1,0
BRF:24
BRH:9
end_of_record
TN:
SF:src/features/categorySlice.js
FN:4,(anonymous_0)
FN:13,(anonymous_1)
FN:22,(anonymous_2)
FN:31,(anonymous_3)
FN:48,(anonymous_4)
FN:50,(anonymous_5)
FN:54,(anonymous_6)
FN:58,(anonymous_7)
FN:62,(anonymous_8)
FN:65,(anonymous_9)
FN:68,(anonymous_10)
FN:69,(anonymous_11)
FN:75,(anonymous_12)
FN:78,(anonymous_13)
FN:79,(anonymous_14)
FN:81,(anonymous_15)
FNF:16
FNH:16
FNDA:3,(anonymous_0)
FNDA:3,(anonymous_1)
FNDA:4,(anonymous_2)
FNDA:3,(anonymous_3)
FNDA:1,(anonymous_4)
FNDA:4,(anonymous_5)
FNDA:1,(anonymous_6)
FNDA:2,(anonymous_7)
FNDA:1,(anonymous_8)
FNDA:2,(anonymous_9)
FNDA:2,(anonymous_10)
FNDA:3,(anonymous_11)
FNDA:2,(anonymous_12)
FNDA:1,(anonymous_13)
FNDA:2,(anonymous_14)
FNDA:2,(anonymous_15)
DA:4,1
DA:5,3
DA:6,3
DA:7,1
DA:9,2
DA:13,1
DA:14,3
DA:15,3
DA:16,1
DA:18,2
DA:22,1
DA:23,4
DA:24,4
DA:25,2
DA:27,2
DA:31,1
DA:32,3
DA:33,3
DA:34,1
DA:36,2
DA:40,1
DA:49,1
DA:51,4
DA:52,4
DA:55,1
DA:56,1
DA:59,2
DA:60,2
DA:63,1
DA:66,2
DA:69,3
DA:70,2
DA:71,1
DA:76,2
DA:79,2
DA:82,2
LF:36
LH:36
BRDA:9,0,0,2
BRDA:9,0,1,1
BRDA:18,1,0,2
BRDA:18,1,1,1
BRDA:27,2,0,2
BRDA:27,2,1,1
BRDA:36,3,0,2
BRDA:36,3,1,1
BRDA:70,4,0,1
BRDA:70,4,1,1
BRF:10
BRH:10
end_of_record
TN:
SF:src/features/orderSlice.js
FN:6,(anonymous_0)
FN:19,(anonymous_1)
FN:41,(anonymous_2)
FN:45,(anonymous_3)
FN:47,(anonymous_4)
FN:51,(anonymous_5)
FN:56,(anonymous_6)
FN:60,(anonymous_7)
FNF:8
FNH:8
FNDA:5,(anonymous_0)
FNDA:5,(anonymous_1)
FNDA:1,(anonymous_2)
FNDA:1,(anonymous_3)
FNDA:6,(anonymous_4)
FNDA:3,(anonymous_5)
FNDA:2,(anonymous_6)
FNDA:3,(anonymous_7)
DA:4,1
DA:7,5
DA:8,5
DA:9,5
DA:10,3
DA:12,2
DA:17,1
DA:20,5
DA:21,5
DA:22,3
DA:24,2
DA:29,1
DA:42,1
DA:46,1
DA:48,6
DA:49,6
DA:52,3
DA:53,3
DA:54,3
DA:57,2
DA:58,2
DA:61,3
DA:62,3
DA:63,3
DA:64,3
DA:86,1
LF:26
LH:26
BRDA:8,0,0,1
BRDA:8,0,1,4
BRDA:12,1,0,2
BRDA:12,1,1,1
BRDA:19,2,0,1
BRDA:19,3,0,1
BRDA:24,4,0,2
BRDA:24,4,1,1
BRF:8
BRH:8
end_of_record
TN:
SF:src/features/productSlice.js
FN:7,(anonymous_0)
FN:25,(anonymous_1)
FN:43,(anonymous_2)
FN:63,(anonymous_3)
FN:75,(anonymous_4)
FN:86,(anonymous_5)
FN:124,(anonymous_6)
FN:127,(anonymous_7)
FN:131,(anonymous_8)
FN:137,(anonymous_9)
FN:144,(anonymous_10)
FN:148,(anonymous_11)
FN:155,(anonymous_12)
FN:162,(anonymous_13)
FN:166,(anonymous_14)
FN:172,(anonymous_15)
FN:176,(anonymous_16)
FN:189,(anonymous_17)
FN:194,(anonymous_18)
FN:195,(anonymous_19)
FN:201,(anonymous_20)
FN:202,(anonymous_21)
FN:203,(anonymous_22)
FN:204,(anonymous_23)
FNF:24
FNH:19
FNDA:2,(anonymous_0)
FNDA:2,(anonymous_1)
FNDA:2,(anonymous_2)
FNDA:6,(anonymous_3)
FNDA:0,(anonymous_4)
FNDA:3,(anonymous_5)
FNDA:1,(anonymous_6)
FNDA:2,(anonymous_7)
FNDA:1,(anonymous_8)
FNDA:1,(anonymous_9)
FNDA:2,(anonymous_10)
FNDA:1,(anonymous_11)
FNDA:1,(anonymous_12)
FNDA:2,(anonymous_13)
FNDA:1,(anonymous_14)
FNDA:7,(anonymous_15)
FNDA:3,(anonymous_16)
FNDA:3,(anonymous_17)
FNDA:1,(anonymous_18)
FNDA:2,(anonymous_19)
FNDA:0,(anonymous_20)
FNDA:0,(anonymous_21)
FNDA:0,(anonymous_22)
FNDA:0,(anonymous_23)
DA:5,2
DA:8,2
DA:9,2
DA:10,1
DA:12,1
DA:13,1
DA:23,2
DA:26,2
DA:27,2
DA:29,1
DA:31,1
DA:32,1
DA:41,2
DA:44,2
DA:45,2
DA:50,1
DA:52,1
DA:53,1
DA:61,2
DA:64,6
DA:65,6
DA:66,3
DA:68,3
DA:73,2
DA:76,0
DA:77,0
DA:78,0
DA:80,0
DA:84,2
DA:87,3
DA:88,3
DA:89,1
DA:91,2
DA:92,2
DA:109,2
DA:126,1
DA:128,2
DA:129,2
DA:132,1
DA:133,1
DA:138,1
DA:139,1
DA:143,1
DA:145,2
DA:146,2
DA:149,1
DA:151,1
DA:156,1
DA:157,1
DA:161,1
DA:163,2
DA:164,2
DA:167,1
DA:168,1
DA:173,7
DA:174,7
DA:177,3
DA:180,3
DA:183,3
DA:184,3
DA:185,3
DA:186,3
DA:190,3
DA:191,3
DA:195,2
DA:196,1
DA:201,2
DA:202,2
DA:203,2
DA:204,2
LF:70
LH:66
BRDA:63,0,0,3
BRDA:63,1,0,3
BRDA:68,2,0,3
BRDA:68,2,1,2
BRDA:75,3,0,0
BRDA:75,4,0,0
BRDA:80,5,0,0
BRDA:80,5,1,0
BRDA:92,6,0,2
BRDA:92,6,1,1
BRDA:133,7,0,0
BRDA:133,7,1,1
BRDA:135,8,0,1
BRDA:135,8,1,0
BRDA:135,8,2,0
BRDA:139,9,0,1
BRDA:139,9,1,0
BRDA:151,10,0,0
BRDA:151,10,1,1
BRDA:153,11,0,1
BRDA:153,11,1,0
BRDA:153,11,2,0
BRDA:157,12,0,1
BRDA:157,12,1,0
BRF:24
BRH:12
end_of_record
TN:
SF:src/features/reviewSlice.js
FN:12,(anonymous_0)
FN:17,(anonymous_1)
FN:18,(anonymous_2)
FN:22,(anonymous_3)
FN:27,(anonymous_4)
FNF:5
FNH:5
FNDA:10,(anonymous_0)
FNDA:5,(anonymous_1)
FNDA:11,(anonymous_2)
FNDA:7,(anonymous_3)
FNDA:5,(anonymous_4)
DA:3,1
DA:13,10
DA:18,11
DA:23,7
DA:28,5
DA:34,1
LF:6
LH:6
BRF:0
BRH:0
end_of_record
TN:
SF:src/pages/Cart.jsx
FN:11,Cart
FN:19,(anonymous_1)
FN:37,(anonymous_2)
FN:43,(anonymous_3)
FN:45,(anonymous_4)
FN:49,(anonymous_5)
FN:73,(anonymous_6)
FN:103,(anonymous_7)
FN:114,(anonymous_8)
FN:125,(anonymous_9)
FN:162,(anonymous_10)
FN:172,(anonymous_11)
FN:189,(anonymous_12)
FNF:13
FNH:10
FNDA:42,Cart
FNDA:22,(anonymous_1)
FNDA:33,(anonymous_2)
FNDA:2,(anonymous_3)
FNDA:2,(anonymous_4)
FNDA:2,(anonymous_5)
FNDA:33,(anonymous_6)
FNDA:0,(anonymous_7)
FNDA:2,(anonymous_8)
FNDA:2,(anonymous_9)
FNDA:2,(anonymous_10)
FNDA:0,(anonymous_11)
FNDA:0,(anonymous_12)
DA:12,42
DA:13,42
DA:14,42
DA:19,42
DA:20,22
DA:21,19
DA:24,42
DA:28,42
DA:29,42
DA:37,42
DA:38,42
DA:39,42
DA:40,42
DA:43,42
DA:44,2
DA:45,2
DA:49,42
DA:50,2
DA:53,42
DA:74,33
DA:103,0
DA:114,2
DA:125,2
DA:162,2
DA:172,0
DA:189,0
LF:26
LH:23
BRDA:28,0,0,42
BRDA:28,0,1,22
BRDA:44,1,0,0
BRDA:44,1,1,2
BRDA:65,2,0,22
BRDA:65,2,1,20
BRDA:67,3,0,2
BRDA:67,3,1,18
BRDA:81,4,0,8
BRDA:81,4,1,25
BRDA:83,5,0,25
BRDA:83,5,1,2
BRDA:85,6,0,33
BRDA:85,6,1,1
BRDA:92,7,0,33
BRDA:92,7,1,1
BRF:16
BRH:15
end_of_record
TN:
SF:src/pages/Checkout.jsx
FN:11,(anonymous_0)
FN:15,(anonymous_1)
FN:33,(anonymous_2)
FN:41,(anonymous_3)
FN:43,(anonymous_4)
FN:49,(anonymous_5)
FN:50,(anonymous_6)
FN:57,(anonymous_7)
FN:66,(anonymous_8)
FN:72,(anonymous_9)
FN:101,(anonymous_10)
FN:134,(anonymous_11)
FN:319,(anonymous_12)
FN:363,(anonymous_13)
FN:437,(anonymous_14)
FN:446,(anonymous_15)
FNF:16
FNH:12
FNDA:25,(anonymous_0)
FNDA:32,(anonymous_1)
FNDA:18,(anonymous_2)
FNDA:4,(anonymous_3)
FNDA:4,(anonymous_4)
FNDA:25,(anonymous_5)
FNDA:36,(anonymous_6)
FNDA:1,(anonymous_7)
FNDA:0,(anonymous_8)
FNDA:36,(anonymous_9)
FNDA:1,(anonymous_10)
FNDA:1,(anonymous_11)
FNDA:36,(anonymous_12)
FNDA:0,(anonymous_13)
FNDA:0,(anonymous_14)
FNDA:0,(anonymous_15)
DA:11,2
DA:12,25
DA:13,25
DA:14,25
DA:15,32
DA:16,25
DA:17,25
DA:19,25
DA:20,25
DA:21,25
DA:22,25
DA:33,25
DA:34,18
DA:35,13
DA:36,13
DA:38,5
DA:41,25
DA:42,4
DA:43,4
DA:49,25
DA:50,36
DA:52,25
DA:53,25
DA:54,25
DA:55,25
DA:57,25
DA:58,1
DA:59,1
DA:60,0
DA:61,0
DA:63,1
DA:66,25
DA:67,0
DA:68,0
DA:69,0
DA:72,25
DA:73,36
DA:74,26
DA:79,25
DA:101,1
DA:134,1
DA:320,36
DA:363,0
DA:437,0
DA:446,0
LF:45
LH:37
BRDA:17,0,0,23
BRDA:17,0,1,2
BRDA:23,1,0,25
BRDA:23,1,1,15
BRDA:24,2,0,25
BRDA:24,2,1,15
BRDA:34,3,0,13
BRDA:34,3,1,5
BRDA:45,4,0,2
BRDA:45,4,1,2
BRDA:59,5,0,0
BRDA:59,5,1,1
BRDA:73,6,0,10
BRDA:73,6,1,26
BRDA:74,7,0,0
BRDA:74,7,1,26
BRDA:103,8,0,24
BRDA:103,8,1,1
BRDA:110,9,0,24
BRDA:110,9,1,1
BRDA:113,10,0,25
BRDA:113,10,1,24
BRDA:118,11,0,24
BRDA:118,11,1,1
BRDA:136,12,0,1
BRDA:136,12,1,24
BRDA:143,13,0,1
BRDA:143,13,1,24
BRDA:146,14,0,25
BRDA:146,14,1,1
BRDA:151,15,0,1
BRDA:151,15,1,24
BRDA:316,16,0,2
BRDA:316,16,1,23
BRDA:321,17,0,36
BRDA:321,17,1,10
BRDA:333,18,0,36
BRDA:333,18,1,0
BRDA:382,19,0,25
BRDA:382,19,1,0
BRDA:399,20,0,25
BRDA:399,20,1,3
BRF:42
BRH:38
end_of_record
TN:
SF:src/pages/admin/Products.jsx
FN:10,(anonymous_0)
FN:13,(anonymous_1)
FN:16,(anonymous_2)
FN:20,(anonymous_3)
FN:35,(anonymous_4)
FN:40,(anonymous_5)
FN:71,(anonymous_6)
FN:87,(anonymous_7)
FN:92,(anonymous_8)
FN:103,(anonymous_9)
FN:115,(anonymous_10)
FN:121,(anonymous_11)
FN:150,(anonymous_12)
FN:154,(anonymous_13)
FNF:14
FNH:4
FNDA:12,(anonymous_0)
FNDA:24,(anonymous_1)
FNDA:12,(anonymous_2)
FNDA:0,(anonymous_3)
FNDA:0,(anonymous_4)
FNDA:0,(anonymous_5)
FNDA:27,(anonymous_6)
FNDA:0,(anonymous_7)
FNDA:0,(anonymous_8)
FNDA:0,(anonymous_9)
FNDA:0,(anonymous_10)
FNDA:0,(anonymous_11)
FNDA:0,(anonymous_12)
FNDA:0,(anonymous_13)
DA:10,1
DA:11,12
DA:12,12
DA:13,24
DA:16,12
DA:17,12
DA:20,12
DA:21,0
DA:22,0
DA:23,0
DA:24,0
DA:30,12
DA:31,12
DA:32,12
DA:33,12
DA:35,12
DA:36,0
DA:37,0
DA:40,12
DA:41,0
DA:42,0
DA:45,12
DA:47,11
DA:49,10
DA:72,27
DA:87,0
DA:92,0
DA:103,0
DA:115,0
DA:122,0
DA:150,0
DA:154,0
LF:32
LH:17
BRDA:45,0,0,1
BRDA:45,0,1,11
BRDA:47,1,0,1
BRDA:47,1,1,10
BRDA:79,2,0,9
BRDA:79,2,1,18
BRDA:79,3,0,9
BRDA:79,3,1,9
BRDA:110,4,0,10
BRDA:110,4,1,0
BRDA:110,4,2,0
BRDA:120,5,0,0
BRDA:120,5,1,0
BRDA:125,6,0,0
BRDA:125,6,1,0
BRDA:141,7,0,10
BRDA:141,7,1,0
BRF:17
BRH:10
end_of_record
TN:
SF:src/pages/auth/Login.jsx
FN:9,(anonymous_0)
FN:19,(anonymous_1)
FN:35,(anonymous_2)
FN:112,(anonymous_3)
FN:153,(anonymous_4)
FNF:5
FNH:4
FNDA:50,(anonymous_0)
FNDA:4,(anonymous_1)
FNDA:0,(anonymous_2)
FNDA:5,(anonymous_3)
FNDA:5,(anonymous_4)
DA:9,1
DA:10,50
DA:11,50
DA:12,50
DA:16,50
DA:17,50
DA:19,50
DA:20,4
DA:21,4
DA:22,4
DA:24,4
DA:26,4
DA:29,4
DA:30,2
DA:32,2
DA:34,0
DA:35,0
DA:36,0
DA:38,0
DA:41,2
DA:46,50
DA:113,5
DA:114,5
DA:154,5
DA:155,5
LF:25
LH:21
BRDA:32,0,0,0
BRDA:32,0,1,2
BRDA:41,1,0,2
BRDA:41,1,1,1
BRDA:73,2,0,50
BRDA:73,2,1,2
BRDA:106,3,0,0
BRDA:106,3,1,50
BRDA:118,4,0,50
BRDA:118,4,1,0
BRDA:147,5,0,0
BRDA:147,5,1,50
BRDA:159,6,0,50
BRDA:159,6,1,0
BRF:14
BRH:9
end_of_record
TN:
SF:src/pages/auth/Register.jsx
FN:9,(anonymous_0)
FN:21,(anonymous_1)
FN:43,(anonymous_2)
FN:120,(anonymous_3)
FN:161,(anonymous_4)
FN:202,(anonymous_5)
FN:243,(anonymous_6)
FNF:7
FNH:7
FNDA:79,(anonymous_0)
FNDA:6,(anonymous_1)
FNDA:2,(anonymous_2)
FNDA:7,(anonymous_3)
FNDA:7,(anonymous_4)
FNDA:7,(anonymous_5)
FNDA:6,(anonymous_6)
DA:9,1
DA:10,79
DA:11,79
DA:12,79
DA:18,79
DA:19,79
DA:21,79
DA:22,6
DA:23,6
DA:24,6
DA:26,6
DA:28,6
DA:31,5
DA:37,5
DA:38,2
DA:40,4
DA:42,1
DA:43,1
DA:44,2
DA:46,1
DA:49,3
DA:54,79
DA:121,7
DA:122,7
DA:162,7
DA:163,7
DA:203,7
DA:204,7
DA:244,6
DA:245,6
LF:30
LH:30
BRDA:40,0,0,1
BRDA:40,0,1,3
BRDA:49,1,0,3
BRDA:49,1,1,1
BRDA:81,2,0,79
BRDA:81,2,1,3
BRDA:114,3,0,0
BRDA:114,3,1,79
BRDA:126,4,0,79
BRDA:126,4,1,0
BRDA:155,5,0,0
BRDA:155,5,1,79
BRDA:167,6,0,79
BRDA:167,6,1,0
BRDA:196,7,0,1
BRDA:196,7,1,78
BRDA:208,8,0,79
BRDA:208,8,1,1
BRDA:237,9,0,0
BRDA:237,9,1,79
BRDA:249,10,0,79
BRDA:249,10,1,0
BRF:22
BRH:16
end_of_record
